[18/Nov/2010:20:41:27 -0000], traverse exit from apply: mod_dir:do => 
{{badmatch,{error,enoent}},
 [{mod_dir,format,2},
  {mod_dir,header,2},
  {mod_dir,dir,3},
  {mod_dir,do_dir,1},
  {httpd_response,traverse_modules,2},
  {httpd_response,generate_and_send_response,1},
  {httpd_request_handler,handle_response,1},
  {gen_server,handle_msg,5}]}
[18/Nov/2010:20:41:32 -0000], traverse exit from apply: mod_dir:do => 
{{badmatch,{error,enoent}},
 [{mod_dir,format,2},
  {mod_dir,header,2},
  {mod_dir,dir,3},
  {mod_dir,do_dir,1},
  {httpd_response,traverse_modules,2},
  {httpd_response,generate_and_send_response,1},
  {httpd_request_handler,handle_response,1},
  {gen_server,handle_msg,5}]}
[18/Nov/2010:20:42:19 -0000], traverse exit from apply: mod_dir:do => 
{{badmatch,{error,enoent}},
 [{mod_dir,format,2},
  {mod_dir,header,2},
  {mod_dir,dir,3},
  {mod_dir,do_dir,1},
  {httpd_response,traverse_modules,2},
  {httpd_response,generate_and_send_response,1},
  {httpd_request_handler,handle_response,1},
  {gen_server,handle_msg,5}]}
[18/Nov/2010:20:43:22 -0000], traverse exit from apply: mod_dir:do => 
{{badmatch,{error,enoent}},
 [{mod_dir,format,2},
  {mod_dir,header,2},
  {mod_dir,dir,3},
  {mod_dir,do_dir,1},
  {httpd_response,traverse_modules,2},
  {httpd_response,generate_and_send_response,1},
  {httpd_request_handler,handle_response,1},
  {gen_server,handle_msg,5}]}
[18/Nov/2010:20:43:40 -0000] access to /favicon.ico failed for 0:0:0:0:0:FFFF:7F00:1 reason: 
"httpd_file: Can't accesswww/favicon.ico"
[18/Nov/2010:20:43:52 -0000] access to /favicon.ico failed for 0:0:0:0:0:FFFF:7F00:1 reason: 
"httpd_file: Can't accesswww/favicon.ico"
[18/Nov/2010:20:45:03 -0000] access to /favicon.ico failed for 0:0:0:0:0:FFFF:7F00:1 reason: 
"httpd_file: Can't accesswww/favicon.ico"
[18/Nov/2010:20:47:33 -0000] server crash for 0:0:0:0:0:FFFF:7F00:1, reason: 
"Error reading request:No request received on keep-alive connectionbefore server side timeout"

[18/Nov/2010:20:47:33 -0000] server crash for 0:0:0:0:0:FFFF:7F00:1, reason: 
"Error reading request:No request received on keep-alive connectionbefore server side timeout"

[18/Nov/2010:20:47:33 -0000] server crash for 0:0:0:0:0:FFFF:7F00:1, reason: 
"Error reading request:No request received on keep-alive connectionbefore server side timeout"

[18/Nov/2010:20:47:33 -0000] server crash for 0:0:0:0:0:FFFF:7F00:1, reason: 
"Error reading request:No request received on keep-alive connectionbefore server side timeout"

[18/Nov/2010:20:47:33 -0000] server crash for 0:0:0:0:0:FFFF:7F00:1, reason: 
"Error reading request:No request received on keep-alive connectionbefore server side timeout"

[18/Nov/2010:20:50:03 -0000] server crash for 0:0:0:0:0:FFFF:7F00:1, reason: 
"Error reading request:No request received on keep-alive connectionbefore server side timeout"

[18/Nov/2010:20:50:39 -0000] access to /favicon.ico failed for 0:0:0:0:0:FFFF:7F00:1 reason: 
"httpd_file: Can't accesswww/favicon.ico"
[18/Nov/2010:20:53:09 -0000] server crash for 0:0:0:0:0:FFFF:7F00:1, reason: 
"Error reading request:No request received on keep-alive connectionbefore server side timeout"

[18/Nov/2010:20:53:09 -0000] server crash for 0:0:0:0:0:FFFF:7F00:1, reason: 
"Error reading request:No request received on keep-alive connectionbefore server side timeout"

[18/Nov/2010:20:53:09 -0000] server crash for 0:0:0:0:0:FFFF:7F00:1, reason: 
"Error reading request:No request received on keep-alive connectionbefore server side timeout"

[18/Nov/2010:20:53:09 -0000] server crash for 0:0:0:0:0:FFFF:7F00:1, reason: 
"Error reading request:No request received on keep-alive connectionbefore server side timeout"

[18/Nov/2010:20:53:09 -0000] server crash for 0:0:0:0:0:FFFF:7F00:1, reason: 
"Error reading request:No request received on keep-alive connectionbefore server side timeout"

[18/Nov/2010:20:53:12 -0000] server crash for 0:0:0:0:0:FFFF:7F00:1, reason: 
"Error reading request:No request received on keep-alive connectionbefore server side timeout"

[18/Nov/2010:20:53:51 -0000] access to /favicon.ico failed for 0:0:0:0:0:FFFF:7F00:1 reason: 
"httpd_file: Can't accesswww/favicon.ico"
[18/Nov/2010:20:55:50 -0000] access to /favicon.ico failed for 0:0:0:0:0:FFFF:7F00:1 reason: 
"httpd_file: Can't accesswww/favicon.ico"
[18/Nov/2010:20:56:18 -0000] access to /favicon.ico failed for 0:0:0:0:0:FFFF:7F00:1 reason: 
"httpd_file: Can't accesswww/favicon.ico"
[18/Nov/2010:20:56:33 -0000] access to /favicon.ico failed for 0:0:0:0:0:FFFF:7F00:1 reason: 
"httpd_file: Can't accesswww/favicon.ico"
[18/Nov/2010:20:58:09 -0000] access to /favicon.ico failed for 0:0:0:0:0:FFFF:7F00:1 reason: 
"httpd_file: Can't accesswww/favicon.ico"
[18/Nov/2010:20:58:37 -0000] access to /favicon.ico failed for 0:0:0:0:0:FFFF:7F00:1 reason: 
"httpd_file: Can't accesswww/favicon.ico"
[18/Nov/2010:20:59:30 -0000] access to /favicon.ico failed for 0:0:0:0:0:FFFF:7F00:1 reason: 
"httpd_file: Can't accesswww/favicon.ico"
[18/Nov/2010:20:59:31 -0000] access to /favicon.ico failed for 0:0:0:0:0:FFFF:7F00:1 reason: 
"httpd_file: Can't accesswww/favicon.ico"
[18/Nov/2010:20:59:35 -0000] access to /favicon.ico failed for 0:0:0:0:0:FFFF:7F00:1 reason: 
"httpd_file: Can't accesswww/favicon.ico"
[18/Nov/2010:20:59:37 -0000] access to /favicon.ico failed for 0:0:0:0:0:FFFF:7F00:1 reason: 
"httpd_file: Can't accesswww/favicon.ico"
[18/Nov/2010:21:00:37 -0000] access to /favicon.ico failed for 0:0:0:0:0:FFFF:7F00:1 reason: 
"httpd_file: Can't accesswww/favicon.ico"
[18/Nov/2010:21:01:23 -0000] access to /favicon.ico failed for 0:0:0:0:0:FFFF:7F00:1 reason: 
"httpd_file: Can't accesswww/favicon.ico"
[18/Nov/2010:21:01:54 -0000] access to /favicon.ico failed for 0:0:0:0:0:FFFF:7F00:1 reason: 
"httpd_file: Can't accesswww/favicon.ico"
[18/Nov/2010:21:02:45 -0000] access to /favicon.ico failed for 0:0:0:0:0:FFFF:7F00:1 reason: 
"httpd_file: Can't accesswww/favicon.ico"
[18/Nov/2010:21:03:28 -0000] access to /favicon.ico failed for 0:0:0:0:0:FFFF:7F00:1 reason: 
"httpd_file: Can't accesswww/favicon.ico"
[18/Nov/2010:21:03:38 -0000] access to /favicon.ico failed for 0:0:0:0:0:FFFF:7F00:1 reason: 
"httpd_file: Can't accesswww/favicon.ico"
[18/Nov/2010:21:03:58 -0000] access to /favicon.ico failed for 0:0:0:0:0:FFFF:7F00:1 reason: 
"httpd_file: Can't accesswww/favicon.ico"
[18/Nov/2010:21:04:16 -0000] access to /favicon.ico failed for 0:0:0:0:0:FFFF:7F00:1 reason: 
"httpd_file: Can't accesswww/favicon.ico"
[18/Nov/2010:21:04:26 -0000] access to /favicon.ico failed for 0:0:0:0:0:FFFF:7F00:1 reason: 
"httpd_file: Can't accesswww/favicon.ico"
[18/Nov/2010:21:05:25 -0000] access to /favicon.ico failed for 0:0:0:0:0:FFFF:7F00:1 reason: 
"httpd_file: Can't accesswww/favicon.ico"
[18/Nov/2010:21:07:45 -0000] access to /favicon.ico failed for 0:0:0:0:0:FFFF:7F00:1 reason: 
"httpd_file: Can't accesswww/favicon.ico"
[18/Nov/2010:21:08:02 -0000] access to /favicon.ico failed for 0:0:0:0:0:FFFF:7F00:1 reason: 
"httpd_file: Can't accesswww/favicon.ico"
[18/Nov/2010:21:08:28 -0000] access to /favicon.ico failed for 0:0:0:0:0:FFFF:7F00:1 reason: 
"httpd_file: Can't accesswww/favicon.ico"
[18/Nov/2010:21:08:58 -0000] access to /favicon.ico failed for 0:0:0:0:0:FFFF:7F00:1 reason: 
"httpd_file: Can't accesswww/favicon.ico"
[18/Nov/2010:21:09:19 -0000] access to /favicon.ico failed for 0:0:0:0:0:FFFF:7F00:1 reason: 
"httpd_file: Can't accesswww/favicon.ico"
[18/Nov/2010:21:09:52 -0000] access to /favicon.ico failed for 0:0:0:0:0:FFFF:7F00:1 reason: 
"httpd_file: Can't accesswww/favicon.ico"
[18/Nov/2010:21:11:42 -0000] access to /favicon.ico failed for 0:0:0:0:0:FFFF:7F00:1 reason: 
"httpd_file: Can't accesswww/favicon.ico"
[18/Nov/2010:21:12:24 -0000] access to /favicon.ico failed for 0:0:0:0:0:FFFF:7F00:1 reason: 
"httpd_file: Can't accesswww/favicon.ico"
[18/Nov/2010:21:13:13 -0000] access to /favicon.ico failed for 0:0:0:0:0:FFFF:7F00:1 reason: 
"httpd_file: Can't accesswww/favicon.ico"
[18/Nov/2010:21:14:12 -0000] access to /favicon.ico failed for 0:0:0:0:0:FFFF:7F00:1 reason: 
"httpd_file: Can't accesswww/favicon.ico"
[18/Nov/2010:21:15:58 -0000] access to /favicon.ico failed for 0:0:0:0:0:FFFF:7F00:1 reason: 
"httpd_file: Can't accesswww/favicon.ico"
[18/Nov/2010:21:18:28 -0000] server crash for 0:0:0:0:0:FFFF:7F00:1, reason: 
"Error reading request:No request received on keep-alive connectionbefore server side timeout"

[18/Nov/2010:21:18:28 -0000] server crash for 0:0:0:0:0:FFFF:7F00:1, reason: 
"Error reading request:No request received on keep-alive connectionbefore server side timeout"

[18/Nov/2010:21:18:28 -0000] server crash for 0:0:0:0:0:FFFF:7F00:1, reason: 
"Error reading request:No request received on keep-alive connectionbefore server side timeout"

[18/Nov/2010:21:18:28 -0000] server crash for 0:0:0:0:0:FFFF:7F00:1, reason: 
"Error reading request:No request received on keep-alive connectionbefore server side timeout"

[18/Nov/2010:21:18:28 -0000] server crash for 0:0:0:0:0:FFFF:7F00:1, reason: 
"Error reading request:No request received on keep-alive connectionbefore server side timeout"

[18/Nov/2010:21:20:42 -0000] server crash for 0:0:0:0:0:FFFF:7F00:1, reason: 
"Error reading request:No request received on keep-alive connectionbefore server side timeout"

[18/Nov/2010:21:22:17 -0000] access to /favicon.ico failed for 0:0:0:0:0:FFFF:7F00:1 reason: 
"httpd_file: Can't accesswww/favicon.ico"
[18/Nov/2010:21:22:50 -0000] access to /favicon.ico failed for 0:0:0:0:0:FFFF:7F00:1 reason: 
"httpd_file: Can't accesswww/favicon.ico"
[18/Nov/2010:21:23:46 -0000] access to /favicon.ico failed for 0:0:0:0:0:FFFF:7F00:1 reason: 
"httpd_file: Can't accesswww/favicon.ico"
[18/Nov/2010:21:24:31 -0000] access to /favicon.ico failed for 0:0:0:0:0:FFFF:7F00:1 reason: 
"httpd_file: Can't accesswww/favicon.ico"
[18/Nov/2010:21:25:20 -0000] server crash for 0:0:0:0:0:FFFF:7F00:1, reason: 
"Error reading request:No request received on keep-alive connectionbefore server side timeout"

[18/Nov/2010:21:25:24 -0000] access to /favicon.ico failed for 0:0:0:0:0:FFFF:7F00:1 reason: 
"httpd_file: Can't accesswww/favicon.ico"
[18/Nov/2010:21:25:31 -0000] server crash for 0:0:0:0:0:FFFF:7F00:1, reason: 
"Error reading request:No request received on keep-alive connectionbefore server side timeout"

[18/Nov/2010:21:25:37 -0000] access to /favicon.ico failed for 0:0:0:0:0:FFFF:7F00:1 reason: 
"httpd_file: Can't accesswww/favicon.ico"
[18/Nov/2010:21:27:20 -0000] access to /favicon.ico failed for 0:0:0:0:0:FFFF:7F00:1 reason: 
"httpd_file: Can't accesswww/favicon.ico"
[18/Nov/2010:21:27:41 -0000] access to /favicon.ico failed for 0:0:0:0:0:FFFF:7F00:1 reason: 
"httpd_file: Can't accesswww/favicon.ico"
