0:0:0:0:0:FFFF:7F00:1 - - [18/Nov/2010:20:43:40 -0000] "GET /smr/smr_http:hello_world HTTP/1.1" 200 39
0:0:0:0:0:FFFF:7F00:1 - - [18/Nov/2010:20:43:40 -0000] "GET /favicon.ico HTTP/1.1" 404 0
0:0:0:0:0:FFFF:7F00:1 - - [18/Nov/2010:20:43:51 -0000] "GET /index.html HTTP/1.1" 200 1454
0:0:0:0:0:FFFF:7F00:1 - - [18/Nov/2010:20:43:51 -0000] "GET /css/style.css HTTP/1.1" 200 1279
0:0:0:0:0:FFFF:7F00:1 - - [18/Nov/2010:20:43:51 -0000] "GET /css/ui-lightness/jquery-ui-1.8.6.custom.css HTTP/1.1" 200 34072
0:0:0:0:0:FFFF:7F00:1 - - [18/Nov/2010:20:43:51 -0000] "GET /js/jquery-1.4.2.min.js HTTP/1.1" 200 72174
0:0:0:0:0:FFFF:7F00:1 - - [18/Nov/2010:20:43:51 -0000] "GET /js/jquery-ui-1.8.6.custom.min.js HTTP/1.1" 200 205136
0:0:0:0:0:FFFF:7F00:1 - - [18/Nov/2010:20:43:51 -0000] "GET /js/jobs.js HTTP/1.1" 200 396
0:0:0:0:0:FFFF:7F00:1 - - [18/Nov/2010:20:43:51 -0000] "GET /js/nodes.js HTTP/1.1" 200 501
0:0:0:0:0:FFFF:7F00:1 - - [18/Nov/2010:20:43:51 -0000] "GET /js/update.js HTTP/1.1" 200 2818
0:0:0:0:0:FFFF:7F00:1 - - [18/Nov/2010:20:43:51 -0000] "GET /img/logo.png HTTP/1.1" 200 12716
0:0:0:0:0:FFFF:7F00:1 - - [18/Nov/2010:20:43:51 -0000] "GET /css/ui-lightness/images/ui-bg_highlight-soft_100_eeeeee_1x100.png HTTP/1.1" 200 90
0:0:0:0:0:FFFF:7F00:1 - - [18/Nov/2010:20:43:51 -0000] "GET /css/ui-lightness/images/ui-bg_gloss-wave_35_f6a828_500x100.png HTTP/1.1" 200 3762
0:0:0:0:0:FFFF:7F00:1 - - [18/Nov/2010:20:43:52 -0000] "GET /favicon.ico HTTP/1.1" 404 0
0:0:0:0:0:FFFF:7F00:1 - - [18/Nov/2010:20:44:27 -0000] "GET /index.html HTTP/1.1" 200 1454
0:0:0:0:0:FFFF:7F00:1 - - [18/Nov/2010:20:44:27 -0000] "GET /img/logo.png HTTP/1.1" 200 12716
0:0:0:0:0:FFFF:7F00:1 - - [18/Nov/2010:20:44:28 -0000] "GET /index.html HTTP/1.1" 200 1454
0:0:0:0:0:FFFF:7F00:1 - - [18/Nov/2010:20:45:03 -0000] "GET /index.html HTTP/1.1" 200 1454
0:0:0:0:0:FFFF:7F00:1 - - [18/Nov/2010:20:45:03 -0000] "GET /css/style.css HTTP/1.1" 200 1279
0:0:0:0:0:FFFF:7F00:1 - - [18/Nov/2010:20:45:03 -0000] "GET /css/ui-lightness/jquery-ui-1.8.6.custom.css HTTP/1.1" 200 34072
0:0:0:0:0:FFFF:7F00:1 - - [18/Nov/2010:20:45:03 -0000] "GET /js/jquery-ui-1.8.6.custom.min.js HTTP/1.1" 200 205136
0:0:0:0:0:FFFF:7F00:1 - - [18/Nov/2010:20:45:03 -0000] "GET /js/update.js HTTP/1.1" 200 2818
0:0:0:0:0:FFFF:7F00:1 - - [18/Nov/2010:20:45:03 -0000] "GET /js/jquery-1.4.2.min.js HTTP/1.1" 200 72174
0:0:0:0:0:FFFF:7F00:1 - - [18/Nov/2010:20:45:03 -0000] "GET /js/nodes.js HTTP/1.1" 200 501
0:0:0:0:0:FFFF:7F00:1 - - [18/Nov/2010:20:45:03 -0000] "GET /js/jobs.js HTTP/1.1" 200 396
0:0:0:0:0:FFFF:7F00:1 - - [18/Nov/2010:20:45:03 -0000] "GET /img/logo.png HTTP/1.1" 200 12716
0:0:0:0:0:FFFF:7F00:1 - - [18/Nov/2010:20:45:03 -0000] "GET /css/ui-lightness/images/ui-bg_highlight-soft_100_eeeeee_1x100.png HTTP/1.1" 200 90
0:0:0:0:0:FFFF:7F00:1 - - [18/Nov/2010:20:45:03 -0000] "GET /css/ui-lightness/images/ui-bg_gloss-wave_35_f6a828_500x100.png HTTP/1.1" 200 3762
0:0:0:0:0:FFFF:7F00:1 - - [18/Nov/2010:20:45:03 -0000] "GET /favicon.ico HTTP/1.1" 404 0
0:0:0:0:0:FFFF:7F00:1 - - [18/Nov/2010:20:47:31 -0000] "GET /index.html HTTP/1.1" 200 1454
0:0:0:0:0:FFFF:7F00:1 - - [18/Nov/2010:20:47:31 -0000] "GET /img/logo.png HTTP/1.1" 200 12716
0:0:0:0:0:FFFF:7F00:1 - - [18/Nov/2010:20:47:33 -0000] "GET /index.html HTTP/1.1" 200 1454
0:0:0:0:0:FFFF:7F00:1 - - [18/Nov/2010:20:50:39 -0000] "GET /index.html HTTP/1.1" 200 1454
0:0:0:0:0:FFFF:7F00:1 - - [18/Nov/2010:20:50:39 -0000] "GET /css/style.css HTTP/1.1" 200 1279
0:0:0:0:0:FFFF:7F00:1 - - [18/Nov/2010:20:50:39 -0000] "GET /js/jobs.js HTTP/1.1" 200 396
0:0:0:0:0:FFFF:7F00:1 - - [18/Nov/2010:20:50:39 -0000] "GET /js/nodes.js HTTP/1.1" 200 501
0:0:0:0:0:FFFF:7F00:1 - - [18/Nov/2010:20:50:39 -0000] "GET /js/update.js HTTP/1.1" 200 2912
0:0:0:0:0:FFFF:7F00:1 - - [18/Nov/2010:20:50:39 -0000] "GET /css/ui-lightness/jquery-ui-1.8.6.custom.css HTTP/1.1" 200 34072
0:0:0:0:0:FFFF:7F00:1 - - [18/Nov/2010:20:50:39 -0000] "GET /js/jquery-ui-1.8.6.custom.min.js HTTP/1.1" 200 205136
0:0:0:0:0:FFFF:7F00:1 - - [18/Nov/2010:20:50:39 -0000] "GET /js/jquery-1.4.2.min.js HTTP/1.1" 200 72174
0:0:0:0:0:FFFF:7F00:1 - - [18/Nov/2010:20:50:39 -0000] "GET /img/logo.png HTTP/1.1" 200 12716
0:0:0:0:0:FFFF:7F00:1 - - [18/Nov/2010:20:50:39 -0000] "GET /css/ui-lightness/images/ui-bg_highlight-soft_100_eeeeee_1x100.png HTTP/1.1" 200 90
0:0:0:0:0:FFFF:7F00:1 - - [18/Nov/2010:20:50:39 -0000] "GET /css/ui-lightness/images/ui-bg_gloss-wave_35_f6a828_500x100.png HTTP/1.1" 200 3762
0:0:0:0:0:FFFF:7F00:1 - - [18/Nov/2010:20:50:39 -0000] "GET /favicon.ico HTTP/1.1" 404 0
0:0:0:0:0:FFFF:7F00:1 - - [18/Nov/2010:20:50:42 -0000] "GET /index.html HTTP/1.1" 200 1454
0:0:0:0:0:FFFF:7F00:1 - - [18/Nov/2010:20:53:50 -0000] "GET /index.html HTTP/1.1" 200 1454
0:0:0:0:0:FFFF:7F00:1 - - [18/Nov/2010:20:53:50 -0000] "GET /css/style.css HTTP/1.1" 200 1279
0:0:0:0:0:FFFF:7F00:1 - - [18/Nov/2010:20:53:50 -0000] "GET /js/nodes.js HTTP/1.1" 200 501
0:0:0:0:0:FFFF:7F00:1 - - [18/Nov/2010:20:53:50 -0000] "GET /js/jobs.js HTTP/1.1" 200 396
0:0:0:0:0:FFFF:7F00:1 - - [18/Nov/2010:20:53:50 -0000] "GET /js/jquery-1.4.2.min.js HTTP/1.1" 200 72174
0:0:0:0:0:FFFF:7F00:1 - - [18/Nov/2010:20:53:50 -0000] "GET /js/jquery-ui-1.8.6.custom.min.js HTTP/1.1" 200 205136
0:0:0:0:0:FFFF:7F00:1 - - [18/Nov/2010:20:53:50 -0000] "GET /css/ui-lightness/jquery-ui-1.8.6.custom.css HTTP/1.1" 200 34072
0:0:0:0:0:FFFF:7F00:1 - - [18/Nov/2010:20:53:50 -0000] "GET /js/update.js HTTP/1.1" 200 2952
0:0:0:0:0:FFFF:7F00:1 - - [18/Nov/2010:20:53:51 -0000] "GET /js/jquery-ui-1.8.6.custom.min.js HTTP/1.1" 200 205136
0:0:0:0:0:FFFF:7F00:1 - - [18/Nov/2010:20:53:51 -0000] "GET /img/logo.png HTTP/1.1" 200 12716
0:0:0:0:0:FFFF:7F00:1 - - [18/Nov/2010:20:53:51 -0000] "GET /css/ui-lightness/images/ui-bg_highlight-soft_100_eeeeee_1x100.png HTTP/1.1" 200 90
0:0:0:0:0:FFFF:7F00:1 - - [18/Nov/2010:20:53:51 -0000] "GET /css/ui-lightness/images/ui-bg_gloss-wave_35_f6a828_500x100.png HTTP/1.1" 200 3762
0:0:0:0:0:FFFF:7F00:1 - - [18/Nov/2010:20:53:51 -0000] "GET /favicon.ico HTTP/1.1" 404 0
0:0:0:0:0:FFFF:7F00:1 - - [18/Nov/2010:20:55:50 -0000] "GET /index.html HTTP/1.1" 200 1629
0:0:0:0:0:FFFF:7F00:1 - - [18/Nov/2010:20:55:50 -0000] "GET /css/style.css HTTP/1.1" 200 1279
0:0:0:0:0:FFFF:7F00:1 - - [18/Nov/2010:20:55:50 -0000] "GET /css/ui-lightness/jquery-ui-1.8.6.custom.css HTTP/1.1" 200 34072
0:0:0:0:0:FFFF:7F00:1 - - [18/Nov/2010:20:55:50 -0000] "GET /js/nodes.js HTTP/1.1" 200 501
0:0:0:0:0:FFFF:7F00:1 - - [18/Nov/2010:20:55:50 -0000] "GET /js/update.js HTTP/1.1" 200 2952
0:0:0:0:0:FFFF:7F00:1 - - [18/Nov/2010:20:55:50 -0000] "GET /js/jquery-1.4.2.min.js HTTP/1.1" 200 72174
0:0:0:0:0:FFFF:7F00:1 - - [18/Nov/2010:20:55:50 -0000] "GET /js/jobs.js HTTP/1.1" 200 396
0:0:0:0:0:FFFF:7F00:1 - - [18/Nov/2010:20:55:50 -0000] "GET /js/jquery-ui-1.8.6.custom.min.js HTTP/1.1" 200 205136
0:0:0:0:0:FFFF:7F00:1 - - [18/Nov/2010:20:55:50 -0000] "GET /js/jobs.js HTTP/1.1" 200 396
0:0:0:0:0:FFFF:7F00:1 - - [18/Nov/2010:20:55:50 -0000] "GET /js/nodes.js HTTP/1.1" 200 501
0:0:0:0:0:FFFF:7F00:1 - - [18/Nov/2010:20:55:50 -0000] "GET /js/update.js HTTP/1.1" 200 2952
0:0:0:0:0:FFFF:7F00:1 - - [18/Nov/2010:20:55:50 -0000] "GET /img/logo.png HTTP/1.1" 200 12716
0:0:0:0:0:FFFF:7F00:1 - - [18/Nov/2010:20:55:50 -0000] "GET /css/ui-lightness/images/ui-bg_highlight-soft_100_eeeeee_1x100.png HTTP/1.1" 200 90
0:0:0:0:0:FFFF:7F00:1 - - [18/Nov/2010:20:55:50 -0000] "GET /css/ui-lightness/images/ui-bg_gloss-wave_35_f6a828_500x100.png HTTP/1.1" 200 3762
0:0:0:0:0:FFFF:7F00:1 - - [18/Nov/2010:20:55:50 -0000] "GET /favicon.ico HTTP/1.1" 404 0
0:0:0:0:0:FFFF:7F00:1 - - [18/Nov/2010:20:56:18 -0000] "GET /index.html HTTP/1.1" 200 1629
0:0:0:0:0:FFFF:7F00:1 - - [18/Nov/2010:20:56:18 -0000] "GET /css/style.css HTTP/1.1" 200 1279
0:0:0:0:0:FFFF:7F00:1 - - [18/Nov/2010:20:56:18 -0000] "GET /css/ui-lightness/jquery-ui-1.8.6.custom.css HTTP/1.1" 200 34072
0:0:0:0:0:FFFF:7F00:1 - - [18/Nov/2010:20:56:18 -0000] "GET /js/jquery-1.4.2.min.js HTTP/1.1" 200 72174
0:0:0:0:0:FFFF:7F00:1 - - [18/Nov/2010:20:56:18 -0000] "GET /js/jquery-ui-1.8.6.custom.min.js HTTP/1.1" 200 205136
0:0:0:0:0:FFFF:7F00:1 - - [18/Nov/2010:20:56:18 -0000] "GET /js/jobs.js HTTP/1.1" 200 396
0:0:0:0:0:FFFF:7F00:1 - - [18/Nov/2010:20:56:18 -0000] "GET /js/update.js HTTP/1.1" 200 3021
0:0:0:0:0:FFFF:7F00:1 - - [18/Nov/2010:20:56:18 -0000] "GET /js/nodes.js HTTP/1.1" 200 501
0:0:0:0:0:FFFF:7F00:1 - - [18/Nov/2010:20:56:18 -0000] "GET /js/jquery-ui-1.8.6.custom.min.js HTTP/1.1" 200 205136
0:0:0:0:0:FFFF:7F00:1 - - [18/Nov/2010:20:56:18 -0000] "GET /img/logo.png HTTP/1.1" 200 12716
0:0:0:0:0:FFFF:7F00:1 - - [18/Nov/2010:20:56:18 -0000] "GET /css/ui-lightness/images/ui-icons_222222_256x240.png HTTP/1.1" 200 4369
0:0:0:0:0:FFFF:7F00:1 - - [18/Nov/2010:20:56:18 -0000] "GET /css/ui-lightness/images/ui-bg_diagonals-thick_20_666666_40x40.png HTTP/1.1" 200 251
0:0:0:0:0:FFFF:7F00:1 - - [18/Nov/2010:20:56:18 -0000] "GET /css/ui-lightness/images/ui-icons_ffffff_256x240.png HTTP/1.1" 200 4369
0:0:0:0:0:FFFF:7F00:1 - - [18/Nov/2010:20:56:18 -0000] "GET /favicon.ico HTTP/1.1" 404 0
0:0:0:0:0:FFFF:7F00:1 - - [18/Nov/2010:20:56:23 -0000] "GET /css/ui-lightness/images/ui-icons_ef8c08_256x240.png HTTP/1.1" 200 4369
0:0:0:0:0:FFFF:7F00:1 - - [18/Nov/2010:20:56:23 -0000] "GET /css/ui-lightness/images/ui-bg_glass_100_fdf5ce_1x400.png HTTP/1.1" 200 125
0:0:0:0:0:FFFF:7F00:1 - - [18/Nov/2010:20:56:32 -0000] "GET /index.html HTTP/1.1" 200 1629
0:0:0:0:0:FFFF:7F00:1 - - [18/Nov/2010:20:56:32 -0000] "GET /css/style.css HTTP/1.1" 200 1279
0:0:0:0:0:FFFF:7F00:1 - - [18/Nov/2010:20:56:32 -0000] "GET /css/ui-lightness/jquery-ui-1.8.6.custom.css HTTP/1.1" 200 34072
0:0:0:0:0:FFFF:7F00:1 - - [18/Nov/2010:20:56:32 -0000] "GET /js/jquery-1.4.2.min.js HTTP/1.1" 200 72174
0:0:0:0:0:FFFF:7F00:1 - - [18/Nov/2010:20:56:32 -0000] "GET /js/jquery-ui-1.8.6.custom.min.js HTTP/1.1" 200 205136
0:0:0:0:0:FFFF:7F00:1 - - [18/Nov/2010:20:56:32 -0000] "GET /js/jobs.js HTTP/1.1" 200 396
0:0:0:0:0:FFFF:7F00:1 - - [18/Nov/2010:20:56:32 -0000] "GET /js/nodes.js HTTP/1.1" 200 501
0:0:0:0:0:FFFF:7F00:1 - - [18/Nov/2010:20:56:32 -0000] "GET /js/update.js HTTP/1.1" 200 3021
0:0:0:0:0:FFFF:7F00:1 - - [18/Nov/2010:20:56:33 -0000] "GET /js/jobs.js HTTP/1.1" 200 396
0:0:0:0:0:FFFF:7F00:1 - - [18/Nov/2010:20:56:33 -0000] "GET /js/nodes.js HTTP/1.1" 200 501
0:0:0:0:0:FFFF:7F00:1 - - [18/Nov/2010:20:56:33 -0000] "GET /js/update.js HTTP/1.1" 200 3021
0:0:0:0:0:FFFF:7F00:1 - - [18/Nov/2010:20:56:33 -0000] "GET /img/logo.png HTTP/1.1" 200 12716
0:0:0:0:0:FFFF:7F00:1 - - [18/Nov/2010:20:56:33 -0000] "GET /favicon.ico HTTP/1.1" 404 0
0:0:0:0:0:FFFF:7F00:1 - - [18/Nov/2010:20:58:08 -0000] "GET /index.html HTTP/1.1" 200 1637
0:0:0:0:0:FFFF:7F00:1 - - [18/Nov/2010:20:58:08 -0000] "GET /js/jquery-1.4.2.min.js HTTP/1.1" 200 72174
0:0:0:0:0:FFFF:7F00:1 - - [18/Nov/2010:20:58:08 -0000] "GET /css/style.css HTTP/1.1" 200 1279
0:0:0:0:0:FFFF:7F00:1 - - [18/Nov/2010:20:58:08 -0000] "GET /js/nodes.js HTTP/1.1" 200 501
0:0:0:0:0:FFFF:7F00:1 - - [18/Nov/2010:20:58:08 -0000] "GET /js/jobs.js HTTP/1.1" 200 396
0:0:0:0:0:FFFF:7F00:1 - - [18/Nov/2010:20:58:08 -0000] "GET /js/jquery-ui-1.8.6.custom.min.js HTTP/1.1" 200 205136
0:0:0:0:0:FFFF:7F00:1 - - [18/Nov/2010:20:58:08 -0000] "GET /css/ui-lightness/jquery-ui-1.8.6.custom.css HTTP/1.1" 200 34072
0:0:0:0:0:FFFF:7F00:1 - - [18/Nov/2010:20:58:08 -0000] "GET /js/update.js HTTP/1.1" 200 3206
0:0:0:0:0:FFFF:7F00:1 - - [18/Nov/2010:20:58:08 -0000] "GET /js/jquery-ui-1.8.6.custom.min.js HTTP/1.1" 200 205136
0:0:0:0:0:FFFF:7F00:1 - - [18/Nov/2010:20:58:08 -0000] "GET /img/logo.png HTTP/1.1" 200 12716
0:0:0:0:0:FFFF:7F00:1 - - [18/Nov/2010:20:58:08 -0000] "GET /css/ui-lightness/images/ui-icons_222222_256x240.png HTTP/1.1" 200 4369
0:0:0:0:0:FFFF:7F00:1 - - [18/Nov/2010:20:58:08 -0000] "GET /css/ui-lightness/images/ui-icons_ffffff_256x240.png HTTP/1.1" 200 4369
0:0:0:0:0:FFFF:7F00:1 - - [18/Nov/2010:20:58:08 -0000] "GET /css/ui-lightness/images/ui-bg_glass_100_f6f6f6_1x400.png HTTP/1.1" 200 104
0:0:0:0:0:FFFF:7F00:1 - - [18/Nov/2010:20:58:08 -0000] "GET /css/ui-lightness/images/ui-bg_diagonals-thick_20_666666_40x40.png HTTP/1.1" 200 251
0:0:0:0:0:FFFF:7F00:1 - - [18/Nov/2010:20:58:08 -0000] "GET /css/ui-lightness/images/ui-bg_highlight-soft_100_eeeeee_1x100.png HTTP/1.1" 200 90
0:0:0:0:0:FFFF:7F00:1 - - [18/Nov/2010:20:58:08 -0000] "GET /css/ui-lightness/images/ui-bg_glass_100_fdf5ce_1x400.png HTTP/1.1" 200 125
0:0:0:0:0:FFFF:7F00:1 - - [18/Nov/2010:20:58:08 -0000] "GET /css/ui-lightness/images/ui-bg_gloss-wave_35_f6a828_500x100.png HTTP/1.1" 200 3762
0:0:0:0:0:FFFF:7F00:1 - - [18/Nov/2010:20:58:09 -0000] "GET /favicon.ico HTTP/1.1" 404 0
0:0:0:0:0:FFFF:7F00:1 - - [18/Nov/2010:20:58:17 -0000] "GET /css/ui-lightness/images/ui-bg_glass_65_ffffff_1x400.png HTTP/1.1" 200 105
0:0:0:0:0:FFFF:7F00:1 - - [18/Nov/2010:20:58:37 -0000] "GET /index.html HTTP/1.1" 200 1637
0:0:0:0:0:FFFF:7F00:1 - - [18/Nov/2010:20:58:37 -0000] "GET /css/style.css HTTP/1.1" 200 1279
0:0:0:0:0:FFFF:7F00:1 - - [18/Nov/2010:20:58:37 -0000] "GET /css/ui-lightness/jquery-ui-1.8.6.custom.css HTTP/1.1" 200 34072
0:0:0:0:0:FFFF:7F00:1 - - [18/Nov/2010:20:58:37 -0000] "GET /js/jquery-1.4.2.min.js HTTP/1.1" 200 72174
0:0:0:0:0:FFFF:7F00:1 - - [18/Nov/2010:20:58:37 -0000] "GET /js/jquery-ui-1.8.6.custom.min.js HTTP/1.1" 200 205136
0:0:0:0:0:FFFF:7F00:1 - - [18/Nov/2010:20:58:37 -0000] "GET /js/jobs.js HTTP/1.1" 200 396
0:0:0:0:0:FFFF:7F00:1 - - [18/Nov/2010:20:58:37 -0000] "GET /js/nodes.js HTTP/1.1" 200 501
0:0:0:0:0:FFFF:7F00:1 - - [18/Nov/2010:20:58:37 -0000] "GET /js/update.js HTTP/1.1" 200 3202
0:0:0:0:0:FFFF:7F00:1 - - [18/Nov/2010:20:58:37 -0000] "GET /js/jobs.js HTTP/1.1" 200 396
0:0:0:0:0:FFFF:7F00:1 - - [18/Nov/2010:20:58:37 -0000] "GET /js/nodes.js HTTP/1.1" 200 501
0:0:0:0:0:FFFF:7F00:1 - - [18/Nov/2010:20:58:37 -0000] "GET /js/update.js HTTP/1.1" 200 3202
0:0:0:0:0:FFFF:7F00:1 - - [18/Nov/2010:20:58:37 -0000] "GET /css/ui-lightness/images/ui-icons_222222_256x240.png HTTP/1.1" 200 4369
0:0:0:0:0:FFFF:7F00:1 - - [18/Nov/2010:20:58:37 -0000] "GET /img/logo.png HTTP/1.1" 200 12716
0:0:0:0:0:FFFF:7F00:1 - - [18/Nov/2010:20:58:37 -0000] "GET /favicon.ico HTTP/1.1" 404 0
0:0:0:0:0:FFFF:7F00:1 - - [18/Nov/2010:20:59:30 -0000] "GET /index.html HTTP/1.1" 200 1637
0:0:0:0:0:FFFF:7F00:1 - - [18/Nov/2010:20:59:30 -0000] "GET /css/style.css HTTP/1.1" 200 1279
0:0:0:0:0:FFFF:7F00:1 - - [18/Nov/2010:20:59:30 -0000] "GET /css/ui-lightness/jquery-ui-1.8.6.custom.css HTTP/1.1" 200 34072
0:0:0:0:0:FFFF:7F00:1 - - [18/Nov/2010:20:59:30 -0000] "GET /js/jquery-1.4.2.min.js HTTP/1.1" 200 72174
0:0:0:0:0:FFFF:7F00:1 - - [18/Nov/2010:20:59:30 -0000] "GET /js/nodes.js HTTP/1.1" 200 501
0:0:0:0:0:FFFF:7F00:1 - - [18/Nov/2010:20:59:30 -0000] "GET /js/jobs.js HTTP/1.1" 200 396
0:0:0:0:0:FFFF:7F00:1 - - [18/Nov/2010:20:59:30 -0000] "GET /js/jquery-ui-1.8.6.custom.min.js HTTP/1.1" 200 205136
0:0:0:0:0:FFFF:7F00:1 - - [18/Nov/2010:20:59:30 -0000] "GET /js/update.js HTTP/1.1" 200 3227
0:0:0:0:0:FFFF:7F00:1 - - [18/Nov/2010:20:59:30 -0000] "GET /js/jquery-ui-1.8.6.custom.min.js HTTP/1.1" 200 205136
0:0:0:0:0:FFFF:7F00:1 - - [18/Nov/2010:20:59:30 -0000] "GET /img/logo.png HTTP/1.1" 200 12716
0:0:0:0:0:FFFF:7F00:1 - - [18/Nov/2010:20:59:30 -0000] "GET /css/ui-lightness/images/ui-icons_222222_256x240.png HTTP/1.1" 200 4369
0:0:0:0:0:FFFF:7F00:1 - - [18/Nov/2010:20:59:30 -0000] "GET /favicon.ico HTTP/1.1" 404 0
0:0:0:0:0:FFFF:7F00:1 - - [18/Nov/2010:20:59:31 -0000] "GET /index.html HTTP/1.1" 200 1637
0:0:0:0:0:FFFF:7F00:1 - - [18/Nov/2010:20:59:31 -0000] "GET /css/style.css HTTP/1.1" 200 1279
0:0:0:0:0:FFFF:7F00:1 - - [18/Nov/2010:20:59:31 -0000] "GET /css/ui-lightness/jquery-ui-1.8.6.custom.css HTTP/1.1" 200 34072
0:0:0:0:0:FFFF:7F00:1 - - [18/Nov/2010:20:59:31 -0000] "GET /js/jquery-ui-1.8.6.custom.min.js HTTP/1.1" 200 205136
0:0:0:0:0:FFFF:7F00:1 - - [18/Nov/2010:20:59:31 -0000] "GET /js/jquery-1.4.2.min.js HTTP/1.1" 200 72174
0:0:0:0:0:FFFF:7F00:1 - - [18/Nov/2010:20:59:31 -0000] "GET /js/update.js HTTP/1.1" 200 3227
0:0:0:0:0:FFFF:7F00:1 - - [18/Nov/2010:20:59:31 -0000] "GET /js/nodes.js HTTP/1.1" 200 501
0:0:0:0:0:FFFF:7F00:1 - - [18/Nov/2010:20:59:31 -0000] "GET /js/jobs.js HTTP/1.1" 200 396
0:0:0:0:0:FFFF:7F00:1 - - [18/Nov/2010:20:59:31 -0000] "GET /js/jquery-ui-1.8.6.custom.min.js HTTP/1.1" 200 205136
0:0:0:0:0:FFFF:7F00:1 - - [18/Nov/2010:20:59:31 -0000] "GET /img/logo.png HTTP/1.1" 200 12716
0:0:0:0:0:FFFF:7F00:1 - - [18/Nov/2010:20:59:31 -0000] "GET /css/ui-lightness/images/ui-icons_222222_256x240.png HTTP/1.1" 200 4369
0:0:0:0:0:FFFF:7F00:1 - - [18/Nov/2010:20:59:31 -0000] "GET /favicon.ico HTTP/1.1" 404 0
0:0:0:0:0:FFFF:7F00:1 - - [18/Nov/2010:20:59:35 -0000] "GET /index.html HTTP/1.1" 200 1637
0:0:0:0:0:FFFF:7F00:1 - - [18/Nov/2010:20:59:35 -0000] "GET /css/style.css HTTP/1.1" 200 1279
0:0:0:0:0:FFFF:7F00:1 - - [18/Nov/2010:20:59:35 -0000] "GET /js/nodes.js HTTP/1.1" 200 501
0:0:0:0:0:FFFF:7F00:1 - - [18/Nov/2010:20:59:35 -0000] "GET /css/ui-lightness/jquery-ui-1.8.6.custom.css HTTP/1.1" 200 34072
0:0:0:0:0:FFFF:7F00:1 - - [18/Nov/2010:20:59:35 -0000] "GET /js/jobs.js HTTP/1.1" 200 396
0:0:0:0:0:FFFF:7F00:1 - - [18/Nov/2010:20:59:35 -0000] "GET /js/jquery-1.4.2.min.js HTTP/1.1" 200 72174
0:0:0:0:0:FFFF:7F00:1 - - [18/Nov/2010:20:59:35 -0000] "GET /js/jquery-ui-1.8.6.custom.min.js HTTP/1.1" 200 205136
0:0:0:0:0:FFFF:7F00:1 - - [18/Nov/2010:20:59:35 -0000] "GET /js/update.js HTTP/1.1" 200 3227
0:0:0:0:0:FFFF:7F00:1 - - [18/Nov/2010:20:59:35 -0000] "GET /js/jobs.js HTTP/1.1" 200 396
0:0:0:0:0:FFFF:7F00:1 - - [18/Nov/2010:20:59:35 -0000] "GET /js/nodes.js HTTP/1.1" 200 501
0:0:0:0:0:FFFF:7F00:1 - - [18/Nov/2010:20:59:35 -0000] "GET /js/update.js HTTP/1.1" 200 3227
0:0:0:0:0:FFFF:7F00:1 - - [18/Nov/2010:20:59:35 -0000] "GET /img/logo.png HTTP/1.1" 200 12716
0:0:0:0:0:FFFF:7F00:1 - - [18/Nov/2010:20:59:35 -0000] "GET /css/ui-lightness/images/ui-icons_222222_256x240.png HTTP/1.1" 200 4369
0:0:0:0:0:FFFF:7F00:1 - - [18/Nov/2010:20:59:35 -0000] "GET /favicon.ico HTTP/1.1" 404 0
0:0:0:0:0:FFFF:7F00:1 - - [18/Nov/2010:20:59:37 -0000] "GET /index.html HTTP/1.1" 200 1637
0:0:0:0:0:FFFF:7F00:1 - - [18/Nov/2010:20:59:37 -0000] "GET /css/style.css HTTP/1.1" 200 1279
0:0:0:0:0:FFFF:7F00:1 - - [18/Nov/2010:20:59:37 -0000] "GET /css/ui-lightness/jquery-ui-1.8.6.custom.css HTTP/1.1" 200 34072
0:0:0:0:0:FFFF:7F00:1 - - [18/Nov/2010:20:59:37 -0000] "GET /js/jquery-1.4.2.min.js HTTP/1.1" 200 72174
0:0:0:0:0:FFFF:7F00:1 - - [18/Nov/2010:20:59:37 -0000] "GET /js/nodes.js HTTP/1.1" 200 501
0:0:0:0:0:FFFF:7F00:1 - - [18/Nov/2010:20:59:37 -0000] "GET /js/jquery-ui-1.8.6.custom.min.js HTTP/1.1" 200 205136
0:0:0:0:0:FFFF:7F00:1 - - [18/Nov/2010:20:59:37 -0000] "GET /js/jobs.js HTTP/1.1" 200 396
0:0:0:0:0:FFFF:7F00:1 - - [18/Nov/2010:20:59:37 -0000] "GET /js/update.js HTTP/1.1" 200 3208
0:0:0:0:0:FFFF:7F00:1 - - [18/Nov/2010:20:59:37 -0000] "GET /js/jquery-ui-1.8.6.custom.min.js HTTP/1.1" 200 205136
0:0:0:0:0:FFFF:7F00:1 - - [18/Nov/2010:20:59:37 -0000] "GET /img/logo.png HTTP/1.1" 200 12716
0:0:0:0:0:FFFF:7F00:1 - - [18/Nov/2010:20:59:37 -0000] "GET /css/ui-lightness/images/ui-icons_222222_256x240.png HTTP/1.1" 200 4369
0:0:0:0:0:FFFF:7F00:1 - - [18/Nov/2010:20:59:37 -0000] "GET /css/ui-lightness/images/ui-bg_highlight-soft_100_eeeeee_1x100.png HTTP/1.1" 200 90
0:0:0:0:0:FFFF:7F00:1 - - [18/Nov/2010:20:59:37 -0000] "GET /css/ui-lightness/images/ui-bg_gloss-wave_35_f6a828_500x100.png HTTP/1.1" 200 3762
0:0:0:0:0:FFFF:7F00:1 - - [18/Nov/2010:20:59:37 -0000] "GET /css/ui-lightness/images/ui-bg_diagonals-thick_20_666666_40x40.png HTTP/1.1" 200 251
0:0:0:0:0:FFFF:7F00:1 - - [18/Nov/2010:20:59:37 -0000] "GET /css/ui-lightness/images/ui-icons_ffffff_256x240.png HTTP/1.1" 200 4369
0:0:0:0:0:FFFF:7F00:1 - - [18/Nov/2010:20:59:37 -0000] "GET /css/ui-lightness/images/ui-bg_glass_100_f6f6f6_1x400.png HTTP/1.1" 200 104
0:0:0:0:0:FFFF:7F00:1 - - [18/Nov/2010:20:59:37 -0000] "GET /css/ui-lightness/images/ui-bg_glass_100_fdf5ce_1x400.png HTTP/1.1" 200 125
0:0:0:0:0:FFFF:7F00:1 - - [18/Nov/2010:20:59:37 -0000] "GET /favicon.ico HTTP/1.1" 404 0
0:0:0:0:0:FFFF:7F00:1 - - [18/Nov/2010:20:59:44 -0000] "GET /css/ui-lightness/images/ui-bg_glass_65_ffffff_1x400.png HTTP/1.1" 200 105
0:0:0:0:0:FFFF:7F00:1 - - [18/Nov/2010:21:00:37 -0000] "GET /index.html HTTP/1.1" 200 1637
0:0:0:0:0:FFFF:7F00:1 - - [18/Nov/2010:21:00:37 -0000] "GET /css/style.css HTTP/1.1" 200 1279
0:0:0:0:0:FFFF:7F00:1 - - [18/Nov/2010:21:00:37 -0000] "GET /css/ui-lightness/jquery-ui-1.8.6.custom.css HTTP/1.1" 200 34072
0:0:0:0:0:FFFF:7F00:1 - - [18/Nov/2010:21:00:37 -0000] "GET /js/nodes.js HTTP/1.1" 200 501
0:0:0:0:0:FFFF:7F00:1 - - [18/Nov/2010:21:00:37 -0000] "GET /js/jobs.js HTTP/1.1" 200 396
0:0:0:0:0:FFFF:7F00:1 - - [18/Nov/2010:21:00:37 -0000] "GET /js/jquery-1.4.2.min.js HTTP/1.1" 200 72174
0:0:0:0:0:FFFF:7F00:1 - - [18/Nov/2010:21:00:37 -0000] "GET /js/update.js HTTP/1.1" 200 3228
0:0:0:0:0:FFFF:7F00:1 - - [18/Nov/2010:21:00:37 -0000] "GET /js/jquery-ui-1.8.6.custom.min.js HTTP/1.1" 200 205136
0:0:0:0:0:FFFF:7F00:1 - - [18/Nov/2010:21:00:37 -0000] "GET /js/jobs.js HTTP/1.1" 200 396
0:0:0:0:0:FFFF:7F00:1 - - [18/Nov/2010:21:00:37 -0000] "GET /js/nodes.js HTTP/1.1" 200 501
0:0:0:0:0:FFFF:7F00:1 - - [18/Nov/2010:21:00:37 -0000] "GET /js/update.js HTTP/1.1" 200 3228
0:0:0:0:0:FFFF:7F00:1 - - [18/Nov/2010:21:00:37 -0000] "GET /img/logo.png HTTP/1.1" 200 12716
0:0:0:0:0:FFFF:7F00:1 - - [18/Nov/2010:21:00:37 -0000] "GET /css/ui-lightness/images/ui-icons_222222_256x240.png HTTP/1.1" 200 4369
0:0:0:0:0:FFFF:7F00:1 - - [18/Nov/2010:21:00:37 -0000] "GET /favicon.ico HTTP/1.1" 404 0
0:0:0:0:0:FFFF:7F00:1 - - [18/Nov/2010:21:01:23 -0000] "GET /index.html HTTP/1.1" 200 1637
0:0:0:0:0:FFFF:7F00:1 - - [18/Nov/2010:21:01:23 -0000] "GET /css/style.css HTTP/1.1" 200 1279
0:0:0:0:0:FFFF:7F00:1 - - [18/Nov/2010:21:01:23 -0000] "GET /css/ui-lightness/jquery-ui-1.8.6.custom.css HTTP/1.1" 200 34072
0:0:0:0:0:FFFF:7F00:1 - - [18/Nov/2010:21:01:23 -0000] "GET /js/jquery-1.4.2.min.js HTTP/1.1" 200 72174
0:0:0:0:0:FFFF:7F00:1 - - [18/Nov/2010:21:01:23 -0000] "GET /js/jquery-ui-1.8.6.custom.min.js HTTP/1.1" 200 205136
0:0:0:0:0:FFFF:7F00:1 - - [18/Nov/2010:21:01:23 -0000] "GET /js/jobs.js HTTP/1.1" 200 396
0:0:0:0:0:FFFF:7F00:1 - - [18/Nov/2010:21:01:23 -0000] "GET /js/nodes.js HTTP/1.1" 200 501
0:0:0:0:0:FFFF:7F00:1 - - [18/Nov/2010:21:01:23 -0000] "GET /js/update.js HTTP/1.1" 200 3201
0:0:0:0:0:FFFF:7F00:1 - - [18/Nov/2010:21:01:23 -0000] "GET /js/jquery-ui-1.8.6.custom.min.js HTTP/1.1" 200 205136
0:0:0:0:0:FFFF:7F00:1 - - [18/Nov/2010:21:01:23 -0000] "GET /img/logo.png HTTP/1.1" 200 12716
0:0:0:0:0:FFFF:7F00:1 - - [18/Nov/2010:21:01:23 -0000] "GET /css/ui-lightness/images/ui-icons_222222_256x240.png HTTP/1.1" 200 4369
0:0:0:0:0:FFFF:7F00:1 - - [18/Nov/2010:21:01:23 -0000] "GET /favicon.ico HTTP/1.1" 404 0
0:0:0:0:0:FFFF:7F00:1 - - [18/Nov/2010:21:01:25 -0000] "GET /css/ui-lightness/images/ui-bg_glass_100_f6f6f6_1x400.png HTTP/1.1" 200 104
0:0:0:0:0:FFFF:7F00:1 - - [18/Nov/2010:21:01:53 -0000] "GET /index.html HTTP/1.1" 200 1637
0:0:0:0:0:FFFF:7F00:1 - - [18/Nov/2010:21:01:54 -0000] "GET /css/style.css HTTP/1.1" 200 1279
0:0:0:0:0:FFFF:7F00:1 - - [18/Nov/2010:21:01:54 -0000] "GET /css/ui-lightness/jquery-ui-1.8.6.custom.css HTTP/1.1" 200 34072
0:0:0:0:0:FFFF:7F00:1 - - [18/Nov/2010:21:01:54 -0000] "GET /js/jquery-1.4.2.min.js HTTP/1.1" 200 72174
0:0:0:0:0:FFFF:7F00:1 - - [18/Nov/2010:21:01:54 -0000] "GET /js/jquery-ui-1.8.6.custom.min.js HTTP/1.1" 200 205136
0:0:0:0:0:FFFF:7F00:1 - - [18/Nov/2010:21:01:54 -0000] "GET /js/jobs.js HTTP/1.1" 200 396
0:0:0:0:0:FFFF:7F00:1 - - [18/Nov/2010:21:01:54 -0000] "GET /js/nodes.js HTTP/1.1" 200 501
0:0:0:0:0:FFFF:7F00:1 - - [18/Nov/2010:21:01:54 -0000] "GET /js/update.js HTTP/1.1" 200 3201
0:0:0:0:0:FFFF:7F00:1 - - [18/Nov/2010:21:01:54 -0000] "GET /js/jobs.js HTTP/1.1" 200 396
0:0:0:0:0:FFFF:7F00:1 - - [18/Nov/2010:21:01:54 -0000] "GET /js/nodes.js HTTP/1.1" 200 501
0:0:0:0:0:FFFF:7F00:1 - - [18/Nov/2010:21:01:54 -0000] "GET /js/update.js HTTP/1.1" 200 3201
0:0:0:0:0:FFFF:7F00:1 - - [18/Nov/2010:21:01:54 -0000] "GET /img/logo.png HTTP/1.1" 200 12716
0:0:0:0:0:FFFF:7F00:1 - - [18/Nov/2010:21:01:54 -0000] "GET /css/ui-lightness/images/ui-icons_222222_256x240.png HTTP/1.1" 200 4369
0:0:0:0:0:FFFF:7F00:1 - - [18/Nov/2010:21:01:54 -0000] "GET /css/ui-lightness/images/ui-bg_highlight-soft_100_eeeeee_1x100.png HTTP/1.1" 200 90
0:0:0:0:0:FFFF:7F00:1 - - [18/Nov/2010:21:01:54 -0000] "GET /css/ui-lightness/images/ui-bg_gloss-wave_35_f6a828_500x100.png HTTP/1.1" 200 3762
0:0:0:0:0:FFFF:7F00:1 - - [18/Nov/2010:21:01:54 -0000] "GET /favicon.ico HTTP/1.1" 404 0
0:0:0:0:0:FFFF:7F00:1 - - [18/Nov/2010:21:01:55 -0000] "GET /css/ui-lightness/images/ui-bg_diagonals-thick_20_666666_40x40.png HTTP/1.1" 200 251
0:0:0:0:0:FFFF:7F00:1 - - [18/Nov/2010:21:01:55 -0000] "GET /css/ui-lightness/images/ui-bg_glass_100_fdf5ce_1x400.png HTTP/1.1" 200 125
0:0:0:0:0:FFFF:7F00:1 - - [18/Nov/2010:21:01:55 -0000] "GET /css/ui-lightness/images/ui-icons_ffffff_256x240.png HTTP/1.1" 200 4369
0:0:0:0:0:FFFF:7F00:1 - - [18/Nov/2010:21:02:00 -0000] "GET /css/ui-lightness/images/ui-bg_glass_65_ffffff_1x400.png HTTP/1.1" 200 105
0:0:0:0:0:FFFF:7F00:1 - - [18/Nov/2010:21:02:45 -0000] "GET /index.html HTTP/1.1" 200 1665
0:0:0:0:0:FFFF:7F00:1 - - [18/Nov/2010:21:02:45 -0000] "GET /css/style.css HTTP/1.1" 200 1279
0:0:0:0:0:FFFF:7F00:1 - - [18/Nov/2010:21:02:45 -0000] "GET /css/ui-lightness/jquery-ui-1.8.6.custom.css HTTP/1.1" 200 34072
0:0:0:0:0:FFFF:7F00:1 - - [18/Nov/2010:21:02:45 -0000] "GET /js/jquery-ui-1.8.6.custom.min.js HTTP/1.1" 200 205136
0:0:0:0:0:FFFF:7F00:1 - - [18/Nov/2010:21:02:45 -0000] "GET /js/jobs.js HTTP/1.1" 200 396
0:0:0:0:0:FFFF:7F00:1 - - [18/Nov/2010:21:02:45 -0000] "GET /js/update.js HTTP/1.1" 200 3201
0:0:0:0:0:FFFF:7F00:1 - - [18/Nov/2010:21:02:45 -0000] "GET /js/nodes.js HTTP/1.1" 200 501
0:0:0:0:0:FFFF:7F00:1 - - [18/Nov/2010:21:02:45 -0000] "GET /js/jquery-1.4.2.min.js HTTP/1.1" 200 72174
0:0:0:0:0:FFFF:7F00:1 - - [18/Nov/2010:21:02:45 -0000] "GET /js/jquery-ui-1.8.6.custom.min.js HTTP/1.1" 200 205136
0:0:0:0:0:FFFF:7F00:1 - - [18/Nov/2010:21:02:45 -0000] "GET /img/logo.png HTTP/1.1" 200 12716
0:0:0:0:0:FFFF:7F00:1 - - [18/Nov/2010:21:02:45 -0000] "GET /css/ui-lightness/images/ui-icons_222222_256x240.png HTTP/1.1" 200 4369
0:0:0:0:0:FFFF:7F00:1 - - [18/Nov/2010:21:02:45 -0000] "GET /favicon.ico HTTP/1.1" 404 0
0:0:0:0:0:FFFF:7F00:1 - - [18/Nov/2010:21:03:28 -0000] "GET /index.html HTTP/1.1" 200 1631
0:0:0:0:0:FFFF:7F00:1 - - [18/Nov/2010:21:03:28 -0000] "GET /css/style.css HTTP/1.1" 200 1279
0:0:0:0:0:FFFF:7F00:1 - - [18/Nov/2010:21:03:28 -0000] "GET /css/ui-lightness/jquery-ui-1.8.6.custom.css HTTP/1.1" 200 34072
0:0:0:0:0:FFFF:7F00:1 - - [18/Nov/2010:21:03:28 -0000] "GET /js/nodes.js HTTP/1.1" 200 501
0:0:0:0:0:FFFF:7F00:1 - - [18/Nov/2010:21:03:28 -0000] "GET /js/jquery-1.4.2.min.js HTTP/1.1" 200 72174
0:0:0:0:0:FFFF:7F00:1 - - [18/Nov/2010:21:03:28 -0000] "GET /js/jobs.js HTTP/1.1" 200 396
0:0:0:0:0:FFFF:7F00:1 - - [18/Nov/2010:21:03:28 -0000] "GET /js/jquery-ui-1.8.6.custom.min.js HTTP/1.1" 200 205136
0:0:0:0:0:FFFF:7F00:1 - - [18/Nov/2010:21:03:28 -0000] "GET /js/update.js HTTP/1.1" 200 3271
0:0:0:0:0:FFFF:7F00:1 - - [18/Nov/2010:21:03:28 -0000] "GET /js/jobs.js HTTP/1.1" 200 396
0:0:0:0:0:FFFF:7F00:1 - - [18/Nov/2010:21:03:28 -0000] "GET /js/nodes.js HTTP/1.1" 200 501
0:0:0:0:0:FFFF:7F00:1 - - [18/Nov/2010:21:03:28 -0000] "GET /js/update.js HTTP/1.1" 200 3271
0:0:0:0:0:FFFF:7F00:1 - - [18/Nov/2010:21:03:28 -0000] "GET /img/logo.png HTTP/1.1" 200 12716
0:0:0:0:0:FFFF:7F00:1 - - [18/Nov/2010:21:03:28 -0000] "GET /css/ui-lightness/images/ui-icons_222222_256x240.png HTTP/1.1" 200 4369
0:0:0:0:0:FFFF:7F00:1 - - [18/Nov/2010:21:03:28 -0000] "GET /favicon.ico HTTP/1.1" 404 0
0:0:0:0:0:FFFF:7F00:1 - - [18/Nov/2010:21:03:38 -0000] "GET /index.html HTTP/1.1" 200 1631
0:0:0:0:0:FFFF:7F00:1 - - [18/Nov/2010:21:03:38 -0000] "GET /js/update.js HTTP/1.1" 200 3271
0:0:0:0:0:FFFF:7F00:1 - - [18/Nov/2010:21:03:38 -0000] "GET /css/style.css HTTP/1.1" 200 1279
0:0:0:0:0:FFFF:7F00:1 - - [18/Nov/2010:21:03:38 -0000] "GET /js/nodes.js HTTP/1.1" 200 501
0:0:0:0:0:FFFF:7F00:1 - - [18/Nov/2010:21:03:38 -0000] "GET /js/jobs.js HTTP/1.1" 200 396
0:0:0:0:0:FFFF:7F00:1 - - [18/Nov/2010:21:03:38 -0000] "GET /js/jquery-ui-1.8.6.custom.min.js HTTP/1.1" 200 205136
0:0:0:0:0:FFFF:7F00:1 - - [18/Nov/2010:21:03:38 -0000] "GET /js/jquery-1.4.2.min.js HTTP/1.1" 200 72174
0:0:0:0:0:FFFF:7F00:1 - - [18/Nov/2010:21:03:38 -0000] "GET /css/ui-lightness/jquery-ui-1.8.6.custom.css HTTP/1.1" 200 34072
0:0:0:0:0:FFFF:7F00:1 - - [18/Nov/2010:21:03:38 -0000] "GET /js/jquery-ui-1.8.6.custom.min.js HTTP/1.1" 200 205136
0:0:0:0:0:FFFF:7F00:1 - - [18/Nov/2010:21:03:38 -0000] "GET /js/jobs.js HTTP/1.1" 200 396
0:0:0:0:0:FFFF:7F00:1 - - [18/Nov/2010:21:03:38 -0000] "GET /js/nodes.js HTTP/1.1" 200 501
0:0:0:0:0:FFFF:7F00:1 - - [18/Nov/2010:21:03:38 -0000] "GET /js/update.js HTTP/1.1" 200 3271
0:0:0:0:0:FFFF:7F00:1 - - [18/Nov/2010:21:03:38 -0000] "GET /img/logo.png HTTP/1.1" 200 12716
0:0:0:0:0:FFFF:7F00:1 - - [18/Nov/2010:21:03:38 -0000] "GET /css/ui-lightness/images/ui-icons_222222_256x240.png HTTP/1.1" 200 4369
0:0:0:0:0:FFFF:7F00:1 - - [18/Nov/2010:21:03:38 -0000] "GET /favicon.ico HTTP/1.1" 404 0
0:0:0:0:0:FFFF:7F00:1 - - [18/Nov/2010:21:03:40 -0000] "GET /css/ui-lightness/images/ui-bg_glass_100_f6f6f6_1x400.png HTTP/1.1" 200 104
0:0:0:0:0:FFFF:7F00:1 - - [18/Nov/2010:21:03:58 -0000] "GET /index.html HTTP/1.1" 200 1542
0:0:0:0:0:FFFF:7F00:1 - - [18/Nov/2010:21:03:58 -0000] "GET /css/style.css HTTP/1.1" 200 1279
0:0:0:0:0:FFFF:7F00:1 - - [18/Nov/2010:21:03:58 -0000] "GET /css/ui-lightness/jquery-ui-1.8.6.custom.css HTTP/1.1" 200 34072
0:0:0:0:0:FFFF:7F00:1 - - [18/Nov/2010:21:03:58 -0000] "GET /js/jobs.js HTTP/1.1" 200 396
0:0:0:0:0:FFFF:7F00:1 - - [18/Nov/2010:21:03:58 -0000] "GET /js/nodes.js HTTP/1.1" 200 501
0:0:0:0:0:FFFF:7F00:1 - - [18/Nov/2010:21:03:58 -0000] "GET /js/jquery-ui-1.8.6.custom.min.js HTTP/1.1" 200 205136
0:0:0:0:0:FFFF:7F00:1 - - [18/Nov/2010:21:03:58 -0000] "GET /js/jquery-1.4.2.min.js HTTP/1.1" 200 72174
0:0:0:0:0:FFFF:7F00:1 - - [18/Nov/2010:21:03:58 -0000] "GET /js/update.js HTTP/1.1" 200 3271
0:0:0:0:0:FFFF:7F00:1 - - [18/Nov/2010:21:03:58 -0000] "GET /js/jquery-ui-1.8.6.custom.min.js HTTP/1.1" 200 205136
0:0:0:0:0:FFFF:7F00:1 - - [18/Nov/2010:21:03:58 -0000] "GET /js/jobs.js HTTP/1.1" 200 396
0:0:0:0:0:FFFF:7F00:1 - - [18/Nov/2010:21:03:58 -0000] "GET /js/nodes.js HTTP/1.1" 200 501
0:0:0:0:0:FFFF:7F00:1 - - [18/Nov/2010:21:03:58 -0000] "GET /js/update.js HTTP/1.1" 200 3271
0:0:0:0:0:FFFF:7F00:1 - - [18/Nov/2010:21:03:58 -0000] "GET /img/logo.png HTTP/1.1" 200 12716
0:0:0:0:0:FFFF:7F00:1 - - [18/Nov/2010:21:03:58 -0000] "GET /favicon.ico HTTP/1.1" 404 0
0:0:0:0:0:FFFF:7F00:1 - - [18/Nov/2010:21:04:15 -0000] "GET /index.html HTTP/1.1" 200 1542
0:0:0:0:0:FFFF:7F00:1 - - [18/Nov/2010:21:04:15 -0000] "GET /css/style.css HTTP/1.1" 200 1279
0:0:0:0:0:FFFF:7F00:1 - - [18/Nov/2010:21:04:15 -0000] "GET /css/ui-lightness/jquery-ui-1.8.6.custom.css HTTP/1.1" 200 34072
0:0:0:0:0:FFFF:7F00:1 - - [18/Nov/2010:21:04:15 -0000] "GET /js/jquery-ui-1.8.6.custom.min.js HTTP/1.1" 200 205136
0:0:0:0:0:FFFF:7F00:1 - - [18/Nov/2010:21:04:15 -0000] "GET /js/jquery-1.4.2.min.js HTTP/1.1" 200 72174
0:0:0:0:0:FFFF:7F00:1 - - [18/Nov/2010:21:04:15 -0000] "GET /js/update.js HTTP/1.1" 200 3271
0:0:0:0:0:FFFF:7F00:1 - - [18/Nov/2010:21:04:15 -0000] "GET /js/jobs.js HTTP/1.1" 200 396
0:0:0:0:0:FFFF:7F00:1 - - [18/Nov/2010:21:04:15 -0000] "GET /js/nodes.js HTTP/1.1" 200 501
0:0:0:0:0:FFFF:7F00:1 - - [18/Nov/2010:21:04:16 -0000] "GET /js/jquery-ui-1.8.6.custom.min.js HTTP/1.1" 200 205136
0:0:0:0:0:FFFF:7F00:1 - - [18/Nov/2010:21:04:16 -0000] "GET /img/logo.png HTTP/1.1" 200 12716
0:0:0:0:0:FFFF:7F00:1 - - [18/Nov/2010:21:04:16 -0000] "GET /css/ui-lightness/images/ui-bg_highlight-soft_100_eeeeee_1x100.png HTTP/1.1" 200 90
0:0:0:0:0:FFFF:7F00:1 - - [18/Nov/2010:21:04:16 -0000] "GET /css/ui-lightness/images/ui-bg_gloss-wave_35_f6a828_500x100.png HTTP/1.1" 200 3762
0:0:0:0:0:FFFF:7F00:1 - - [18/Nov/2010:21:04:16 -0000] "GET /favicon.ico HTTP/1.1" 404 0
0:0:0:0:0:FFFF:7F00:1 - - [18/Nov/2010:21:04:18 -0000] "GET /css/ui-lightness/images/ui-bg_glass_100_fdf5ce_1x400.png HTTP/1.1" 200 125
0:0:0:0:0:FFFF:7F00:1 - - [18/Nov/2010:21:04:18 -0000] "GET /css/ui-lightness/images/ui-icons_ffffff_256x240.png HTTP/1.1" 200 4369
0:0:0:0:0:FFFF:7F00:1 - - [18/Nov/2010:21:04:18 -0000] "GET /css/ui-lightness/images/ui-bg_diagonals-thick_20_666666_40x40.png HTTP/1.1" 200 251
0:0:0:0:0:FFFF:7F00:1 - - [18/Nov/2010:21:04:20 -0000] "GET /css/ui-lightness/images/ui-bg_glass_65_ffffff_1x400.png HTTP/1.1" 200 105
0:0:0:0:0:FFFF:7F00:1 - - [18/Nov/2010:21:04:26 -0000] "GET /index.html HTTP/1.1" 200 1542
0:0:0:0:0:FFFF:7F00:1 - - [18/Nov/2010:21:04:26 -0000] "GET /css/style.css HTTP/1.1" 200 1279
0:0:0:0:0:FFFF:7F00:1 - - [18/Nov/2010:21:04:26 -0000] "GET /css/ui-lightness/jquery-ui-1.8.6.custom.css HTTP/1.1" 200 34072
0:0:0:0:0:FFFF:7F00:1 - - [18/Nov/2010:21:04:26 -0000] "GET /js/jquery-1.4.2.min.js HTTP/1.1" 200 72174
0:0:0:0:0:FFFF:7F00:1 - - [18/Nov/2010:21:04:26 -0000] "GET /js/jquery-ui-1.8.6.custom.min.js HTTP/1.1" 200 205136
0:0:0:0:0:FFFF:7F00:1 - - [18/Nov/2010:21:04:26 -0000] "GET /js/jobs.js HTTP/1.1" 200 396
0:0:0:0:0:FFFF:7F00:1 - - [18/Nov/2010:21:04:26 -0000] "GET /js/nodes.js HTTP/1.1" 200 501
0:0:0:0:0:FFFF:7F00:1 - - [18/Nov/2010:21:04:26 -0000] "GET /js/update.js HTTP/1.1" 200 3271
0:0:0:0:0:FFFF:7F00:1 - - [18/Nov/2010:21:04:26 -0000] "GET /js/jobs.js HTTP/1.1" 200 396
0:0:0:0:0:FFFF:7F00:1 - - [18/Nov/2010:21:04:26 -0000] "GET /js/nodes.js HTTP/1.1" 200 501
0:0:0:0:0:FFFF:7F00:1 - - [18/Nov/2010:21:04:26 -0000] "GET /js/update.js HTTP/1.1" 200 3271
0:0:0:0:0:FFFF:7F00:1 - - [18/Nov/2010:21:04:26 -0000] "GET /img/logo.png HTTP/1.1" 200 12716
0:0:0:0:0:FFFF:7F00:1 - - [18/Nov/2010:21:04:26 -0000] "GET /favicon.ico HTTP/1.1" 404 0
0:0:0:0:0:FFFF:7F00:1 - - [18/Nov/2010:21:05:25 -0000] "GET /index.html HTTP/1.1" 200 1542
0:0:0:0:0:FFFF:7F00:1 - - [18/Nov/2010:21:05:25 -0000] "GET /css/style.css HTTP/1.1" 200 1279
0:0:0:0:0:FFFF:7F00:1 - - [18/Nov/2010:21:05:25 -0000] "GET /css/ui-lightness/jquery-ui-1.8.6.custom.css HTTP/1.1" 200 34072
0:0:0:0:0:FFFF:7F00:1 - - [18/Nov/2010:21:05:25 -0000] "GET /js/jquery-ui-1.8.6.custom.min.js HTTP/1.1" 200 205136
0:0:0:0:0:FFFF:7F00:1 - - [18/Nov/2010:21:05:25 -0000] "GET /js/update.js HTTP/1.1" 200 3287
0:0:0:0:0:FFFF:7F00:1 - - [18/Nov/2010:21:05:25 -0000] "GET /js/jquery-1.4.2.min.js HTTP/1.1" 200 72174
0:0:0:0:0:FFFF:7F00:1 - - [18/Nov/2010:21:05:25 -0000] "GET /js/nodes.js HTTP/1.1" 200 501
0:0:0:0:0:FFFF:7F00:1 - - [18/Nov/2010:21:05:25 -0000] "GET /js/jobs.js HTTP/1.1" 200 396
0:0:0:0:0:FFFF:7F00:1 - - [18/Nov/2010:21:05:25 -0000] "GET /js/jquery-ui-1.8.6.custom.min.js HTTP/1.1" 200 205136
0:0:0:0:0:FFFF:7F00:1 - - [18/Nov/2010:21:05:25 -0000] "GET /img/logo.png HTTP/1.1" 200 12716
0:0:0:0:0:FFFF:7F00:1 - - [18/Nov/2010:21:05:25 -0000] "GET /favicon.ico HTTP/1.1" 404 0
0:0:0:0:0:FFFF:7F00:1 - - [18/Nov/2010:21:07:44 -0000] "GET /index.html HTTP/1.1" 200 1542
0:0:0:0:0:FFFF:7F00:1 - - [18/Nov/2010:21:07:44 -0000] "GET /css/style.css HTTP/1.1" 200 1279
0:0:0:0:0:FFFF:7F00:1 - - [18/Nov/2010:21:07:44 -0000] "GET /js/jobs.js HTTP/1.1" 200 396
0:0:0:0:0:FFFF:7F00:1 - - [18/Nov/2010:21:07:44 -0000] "GET /css/ui-lightness/jquery-ui-1.8.6.custom.css HTTP/1.1" 200 34072
0:0:0:0:0:FFFF:7F00:1 - - [18/Nov/2010:21:07:44 -0000] "GET /js/jquery-1.4.2.min.js HTTP/1.1" 200 72174
0:0:0:0:0:FFFF:7F00:1 - - [18/Nov/2010:21:07:44 -0000] "GET /js/nodes.js HTTP/1.1" 200 501
0:0:0:0:0:FFFF:7F00:1 - - [18/Nov/2010:21:07:44 -0000] "GET /js/jquery-ui-1.8.6.custom.min.js HTTP/1.1" 200 205136
0:0:0:0:0:FFFF:7F00:1 - - [18/Nov/2010:21:07:44 -0000] "GET /js/update.js HTTP/1.1" 200 3310
0:0:0:0:0:FFFF:7F00:1 - - [18/Nov/2010:21:07:44 -0000] "GET /js/jobs.js HTTP/1.1" 200 396
0:0:0:0:0:FFFF:7F00:1 - - [18/Nov/2010:21:07:44 -0000] "GET /js/nodes.js HTTP/1.1" 200 501
0:0:0:0:0:FFFF:7F00:1 - - [18/Nov/2010:21:07:45 -0000] "GET /js/update.js HTTP/1.1" 200 3310
0:0:0:0:0:FFFF:7F00:1 - - [18/Nov/2010:21:07:45 -0000] "GET /img/logo.png HTTP/1.1" 200 12716
0:0:0:0:0:FFFF:7F00:1 - - [18/Nov/2010:21:07:45 -0000] "GET /css/ui-lightness/images/ui-bg_highlight-soft_100_eeeeee_1x100.png HTTP/1.1" 200 90
0:0:0:0:0:FFFF:7F00:1 - - [18/Nov/2010:21:07:45 -0000] "GET /css/ui-lightness/images/ui-icons_ffffff_256x240.png HTTP/1.1" 200 4369
0:0:0:0:0:FFFF:7F00:1 - - [18/Nov/2010:21:07:45 -0000] "GET /css/ui-lightness/images/ui-bg_gloss-wave_35_f6a828_500x100.png HTTP/1.1" 200 3762
0:0:0:0:0:FFFF:7F00:1 - - [18/Nov/2010:21:07:45 -0000] "GET /css/ui-lightness/images/ui-icons_222222_256x240.png HTTP/1.1" 200 4369
0:0:0:0:0:FFFF:7F00:1 - - [18/Nov/2010:21:07:45 -0000] "GET /css/ui-lightness/images/ui-bg_glass_100_f6f6f6_1x400.png HTTP/1.1" 200 104
0:0:0:0:0:FFFF:7F00:1 - - [18/Nov/2010:21:07:45 -0000] "GET /css/ui-lightness/images/ui-bg_diagonals-thick_20_666666_40x40.png HTTP/1.1" 200 251
0:0:0:0:0:FFFF:7F00:1 - - [18/Nov/2010:21:07:45 -0000] "GET /css/ui-lightness/images/ui-bg_glass_100_fdf5ce_1x400.png HTTP/1.1" 200 125
0:0:0:0:0:FFFF:7F00:1 - - [18/Nov/2010:21:07:45 -0000] "GET /favicon.ico HTTP/1.1" 404 0
0:0:0:0:0:FFFF:7F00:1 - - [18/Nov/2010:21:07:47 -0000] "GET /css/ui-lightness/images/ui-bg_glass_65_ffffff_1x400.png HTTP/1.1" 200 105
0:0:0:0:0:FFFF:7F00:1 - - [18/Nov/2010:21:08:02 -0000] "GET /index.html HTTP/1.1" 200 1542
0:0:0:0:0:FFFF:7F00:1 - - [18/Nov/2010:21:08:02 -0000] "GET /css/style.css HTTP/1.1" 200 1279
0:0:0:0:0:FFFF:7F00:1 - - [18/Nov/2010:21:08:02 -0000] "GET /css/ui-lightness/jquery-ui-1.8.6.custom.css HTTP/1.1" 200 34072
0:0:0:0:0:FFFF:7F00:1 - - [18/Nov/2010:21:08:02 -0000] "GET /js/nodes.js HTTP/1.1" 200 501
0:0:0:0:0:FFFF:7F00:1 - - [18/Nov/2010:21:08:02 -0000] "GET /js/jquery-1.4.2.min.js HTTP/1.1" 200 72174
0:0:0:0:0:FFFF:7F00:1 - - [18/Nov/2010:21:08:02 -0000] "GET /js/jquery-ui-1.8.6.custom.min.js HTTP/1.1" 200 205136
0:0:0:0:0:FFFF:7F00:1 - - [18/Nov/2010:21:08:02 -0000] "GET /js/jobs.js HTTP/1.1" 200 396
0:0:0:0:0:FFFF:7F00:1 - - [18/Nov/2010:21:08:02 -0000] "GET /js/update.js HTTP/1.1" 200 3310
0:0:0:0:0:FFFF:7F00:1 - - [18/Nov/2010:21:08:02 -0000] "GET /js/jquery-ui-1.8.6.custom.min.js HTTP/1.1" 200 205136
0:0:0:0:0:FFFF:7F00:1 - - [18/Nov/2010:21:08:02 -0000] "GET /img/logo.png HTTP/1.1" 200 12716
0:0:0:0:0:FFFF:7F00:1 - - [18/Nov/2010:21:08:02 -0000] "GET /favicon.ico HTTP/1.1" 404 0
0:0:0:0:0:FFFF:7F00:1 - - [18/Nov/2010:21:08:28 -0000] "GET /index.html HTTP/1.1" 200 1542
0:0:0:0:0:FFFF:7F00:1 - - [18/Nov/2010:21:08:28 -0000] "GET /css/style.css HTTP/1.1" 200 1279
0:0:0:0:0:FFFF:7F00:1 - - [18/Nov/2010:21:08:28 -0000] "GET /css/ui-lightness/jquery-ui-1.8.6.custom.css HTTP/1.1" 200 34072
0:0:0:0:0:FFFF:7F00:1 - - [18/Nov/2010:21:08:28 -0000] "GET /js/jquery-1.4.2.min.js HTTP/1.1" 200 72174
0:0:0:0:0:FFFF:7F00:1 - - [18/Nov/2010:21:08:28 -0000] "GET /js/jquery-ui-1.8.6.custom.min.js HTTP/1.1" 200 205136
0:0:0:0:0:FFFF:7F00:1 - - [18/Nov/2010:21:08:28 -0000] "GET /js/jobs.js HTTP/1.1" 200 396
0:0:0:0:0:FFFF:7F00:1 - - [18/Nov/2010:21:08:28 -0000] "GET /js/nodes.js HTTP/1.1" 200 501
0:0:0:0:0:FFFF:7F00:1 - - [18/Nov/2010:21:08:28 -0000] "GET /js/update.js HTTP/1.1" 200 3337
0:0:0:0:0:FFFF:7F00:1 - - [18/Nov/2010:21:08:28 -0000] "GET /js/jobs.js HTTP/1.1" 200 396
0:0:0:0:0:FFFF:7F00:1 - - [18/Nov/2010:21:08:28 -0000] "GET /js/nodes.js HTTP/1.1" 200 501
0:0:0:0:0:FFFF:7F00:1 - - [18/Nov/2010:21:08:28 -0000] "GET /js/update.js HTTP/1.1" 200 3337
0:0:0:0:0:FFFF:7F00:1 - - [18/Nov/2010:21:08:28 -0000] "GET /img/logo.png HTTP/1.1" 200 12716
0:0:0:0:0:FFFF:7F00:1 - - [18/Nov/2010:21:08:28 -0000] "GET /favicon.ico HTTP/1.1" 404 0
0:0:0:0:0:FFFF:7F00:1 - - [18/Nov/2010:21:08:58 -0000] "GET /index.html HTTP/1.1" 200 1542
0:0:0:0:0:FFFF:7F00:1 - - [18/Nov/2010:21:08:58 -0000] "GET /css/style.css HTTP/1.1" 200 1279
0:0:0:0:0:FFFF:7F00:1 - - [18/Nov/2010:21:08:58 -0000] "GET /js/jquery-1.4.2.min.js HTTP/1.1" 200 72174
0:0:0:0:0:FFFF:7F00:1 - - [18/Nov/2010:21:08:58 -0000] "GET /css/ui-lightness/jquery-ui-1.8.6.custom.css HTTP/1.1" 200 34072
0:0:0:0:0:FFFF:7F00:1 - - [18/Nov/2010:21:08:58 -0000] "GET /js/jquery-ui-1.8.6.custom.min.js HTTP/1.1" 200 205136
0:0:0:0:0:FFFF:7F00:1 - - [18/Nov/2010:21:08:58 -0000] "GET /js/jobs.js HTTP/1.1" 200 396
0:0:0:0:0:FFFF:7F00:1 - - [18/Nov/2010:21:08:58 -0000] "GET /js/nodes.js HTTP/1.1" 200 501
0:0:0:0:0:FFFF:7F00:1 - - [18/Nov/2010:21:08:58 -0000] "GET /js/update.js HTTP/1.1" 200 3337
0:0:0:0:0:FFFF:7F00:1 - - [18/Nov/2010:21:08:58 -0000] "GET /js/jquery-ui-1.8.6.custom.min.js HTTP/1.1" 200 205136
0:0:0:0:0:FFFF:7F00:1 - - [18/Nov/2010:21:08:58 -0000] "GET /img/logo.png HTTP/1.1" 200 12716
0:0:0:0:0:FFFF:7F00:1 - - [18/Nov/2010:21:08:58 -0000] "GET /favicon.ico HTTP/1.1" 404 0
0:0:0:0:0:FFFF:7F00:1 - - [18/Nov/2010:21:09:05 -0000] "GET /css/ui-lightness/images/ui-icons_ef8c08_256x240.png HTTP/1.1" 200 4369
0:0:0:0:0:FFFF:7F00:1 - - [18/Nov/2010:21:09:18 -0000] "GET /index.html HTTP/1.1" 200 1542
0:0:0:0:0:FFFF:7F00:1 - - [18/Nov/2010:21:09:18 -0000] "GET /css/style.css HTTP/1.1" 200 1279
0:0:0:0:0:FFFF:7F00:1 - - [18/Nov/2010:21:09:18 -0000] "GET /css/ui-lightness/jquery-ui-1.8.6.custom.css HTTP/1.1" 200 34072
0:0:0:0:0:FFFF:7F00:1 - - [18/Nov/2010:21:09:18 -0000] "GET /js/jquery-1.4.2.min.js HTTP/1.1" 200 72174
0:0:0:0:0:FFFF:7F00:1 - - [18/Nov/2010:21:09:18 -0000] "GET /js/jquery-ui-1.8.6.custom.min.js HTTP/1.1" 200 205136
0:0:0:0:0:FFFF:7F00:1 - - [18/Nov/2010:21:09:18 -0000] "GET /js/jobs.js HTTP/1.1" 200 396
0:0:0:0:0:FFFF:7F00:1 - - [18/Nov/2010:21:09:18 -0000] "GET /js/nodes.js HTTP/1.1" 200 501
0:0:0:0:0:FFFF:7F00:1 - - [18/Nov/2010:21:09:18 -0000] "GET /js/update.js HTTP/1.1" 200 3352
0:0:0:0:0:FFFF:7F00:1 - - [18/Nov/2010:21:09:19 -0000] "GET /js/jobs.js HTTP/1.1" 200 396
0:0:0:0:0:FFFF:7F00:1 - - [18/Nov/2010:21:09:19 -0000] "GET /js/nodes.js HTTP/1.1" 200 501
0:0:0:0:0:FFFF:7F00:1 - - [18/Nov/2010:21:09:19 -0000] "GET /js/update.js HTTP/1.1" 200 3352
0:0:0:0:0:FFFF:7F00:1 - - [18/Nov/2010:21:09:19 -0000] "GET /img/logo.png HTTP/1.1" 200 12716
0:0:0:0:0:FFFF:7F00:1 - - [18/Nov/2010:21:09:19 -0000] "GET /favicon.ico HTTP/1.1" 404 0
0:0:0:0:0:FFFF:7F00:1 - - [18/Nov/2010:21:09:52 -0000] "GET /index.html HTTP/1.1" 200 1542
0:0:0:0:0:FFFF:7F00:1 - - [18/Nov/2010:21:09:52 -0000] "GET /css/style.css HTTP/1.1" 200 1279
0:0:0:0:0:FFFF:7F00:1 - - [18/Nov/2010:21:09:52 -0000] "GET /js/jquery-ui-1.8.6.custom.min.js HTTP/1.1" 200 205136
0:0:0:0:0:FFFF:7F00:1 - - [18/Nov/2010:21:09:52 -0000] "GET /js/jobs.js HTTP/1.1" 200 396
0:0:0:0:0:FFFF:7F00:1 - - [18/Nov/2010:21:09:52 -0000] "GET /js/jquery-1.4.2.min.js HTTP/1.1" 200 72174
0:0:0:0:0:FFFF:7F00:1 - - [18/Nov/2010:21:09:52 -0000] "GET /css/ui-lightness/jquery-ui-1.8.6.custom.css HTTP/1.1" 200 34072
0:0:0:0:0:FFFF:7F00:1 - - [18/Nov/2010:21:09:52 -0000] "GET /js/nodes.js HTTP/1.1" 200 501
0:0:0:0:0:FFFF:7F00:1 - - [18/Nov/2010:21:09:52 -0000] "GET /js/update.js HTTP/1.1" 200 3347
0:0:0:0:0:FFFF:7F00:1 - - [18/Nov/2010:21:09:52 -0000] "GET /js/jquery-ui-1.8.6.custom.min.js HTTP/1.1" 200 205136
0:0:0:0:0:FFFF:7F00:1 - - [18/Nov/2010:21:09:52 -0000] "GET /img/logo.png HTTP/1.1" 200 12716
0:0:0:0:0:FFFF:7F00:1 - - [18/Nov/2010:21:09:52 -0000] "GET /favicon.ico HTTP/1.1" 404 0
0:0:0:0:0:FFFF:7F00:1 - - [18/Nov/2010:21:09:58 -0000] "GET /index.html HTTP/1.1" 200 1542
0:0:0:0:0:FFFF:7F00:1 - - [18/Nov/2010:21:11:42 -0000] "GET /index.html HTTP/1.1" 200 1542
0:0:0:0:0:FFFF:7F00:1 - - [18/Nov/2010:21:11:42 -0000] "GET /css/style.css HTTP/1.1" 200 1279
0:0:0:0:0:FFFF:7F00:1 - - [18/Nov/2010:21:11:42 -0000] "GET /css/ui-lightness/jquery-ui-1.8.6.custom.css HTTP/1.1" 200 34072
0:0:0:0:0:FFFF:7F00:1 - - [18/Nov/2010:21:11:42 -0000] "GET /js/nodes.js HTTP/1.1" 200 501
0:0:0:0:0:FFFF:7F00:1 - - [18/Nov/2010:21:11:42 -0000] "GET /js/jquery-1.4.2.min.js HTTP/1.1" 200 72174
0:0:0:0:0:FFFF:7F00:1 - - [18/Nov/2010:21:11:42 -0000] "GET /js/jobs.js HTTP/1.1" 200 396
0:0:0:0:0:FFFF:7F00:1 - - [18/Nov/2010:21:11:42 -0000] "GET /js/jquery-ui-1.8.6.custom.min.js HTTP/1.1" 200 205136
0:0:0:0:0:FFFF:7F00:1 - - [18/Nov/2010:21:11:42 -0000] "GET /js/update.js HTTP/1.1" 200 3352
0:0:0:0:0:FFFF:7F00:1 - - [18/Nov/2010:21:11:42 -0000] "GET /img/logo.png HTTP/1.1" 200 12716
0:0:0:0:0:FFFF:7F00:1 - - [18/Nov/2010:21:11:42 -0000] "GET /css/ui-lightness/images/ui-bg_highlight-soft_100_eeeeee_1x100.png HTTP/1.1" 200 90
0:0:0:0:0:FFFF:7F00:1 - - [18/Nov/2010:21:11:42 -0000] "GET /css/ui-lightness/images/ui-bg_gloss-wave_35_f6a828_500x100.png HTTP/1.1" 200 3762
0:0:0:0:0:FFFF:7F00:1 - - [18/Nov/2010:21:11:42 -0000] "GET /favicon.ico HTTP/1.1" 404 0
0:0:0:0:0:FFFF:7F00:1 - - [18/Nov/2010:21:11:43 -0000] "GET /css/ui-lightness/images/ui-bg_diagonals-thick_20_666666_40x40.png HTTP/1.1" 200 251
0:0:0:0:0:FFFF:7F00:1 - - [18/Nov/2010:21:11:43 -0000] "GET /css/ui-lightness/images/ui-bg_glass_100_f6f6f6_1x400.png HTTP/1.1" 200 104
0:0:0:0:0:FFFF:7F00:1 - - [18/Nov/2010:21:11:43 -0000] "GET /css/ui-lightness/images/ui-bg_glass_100_fdf5ce_1x400.png HTTP/1.1" 200 125
0:0:0:0:0:FFFF:7F00:1 - - [18/Nov/2010:21:11:43 -0000] "GET /css/ui-lightness/images/ui-icons_ffffff_256x240.png HTTP/1.1" 200 4369
0:0:0:0:0:FFFF:7F00:1 - - [18/Nov/2010:21:11:43 -0000] "GET /css/ui-lightness/images/ui-icons_222222_256x240.png HTTP/1.1" 200 4369
0:0:0:0:0:FFFF:7F00:1 - - [18/Nov/2010:21:11:51 -0000] "GET /css/ui-lightness/images/ui-bg_glass_65_ffffff_1x400.png HTTP/1.1" 200 105
0:0:0:0:0:FFFF:7F00:1 - - [18/Nov/2010:21:12:12 -0000] "GET /index.html HTTP/1.1" 200 1542
0:0:0:0:0:FFFF:7F00:1 - - [18/Nov/2010:21:12:13 -0000] "GET /index.html HTTP/1.1" 200 1542
0:0:0:0:0:FFFF:7F00:1 - - [18/Nov/2010:21:12:21 -0000] "GET /css/ui-lightness/images/ui-icons_ef8c08_256x240.png HTTP/1.1" 200 4369
0:0:0:0:0:FFFF:7F00:1 - - [18/Nov/2010:21:12:24 -0000] "GET /index.html HTTP/1.1" 200 1542
0:0:0:0:0:FFFF:7F00:1 - - [18/Nov/2010:21:12:24 -0000] "GET /css/style.css HTTP/1.1" 200 1279
0:0:0:0:0:FFFF:7F00:1 - - [18/Nov/2010:21:12:24 -0000] "GET /js/jquery-ui-1.8.6.custom.min.js HTTP/1.1" 200 205136
0:0:0:0:0:FFFF:7F00:1 - - [18/Nov/2010:21:12:24 -0000] "GET /css/ui-lightness/jquery-ui-1.8.6.custom.css HTTP/1.1" 200 34072
0:0:0:0:0:FFFF:7F00:1 - - [18/Nov/2010:21:12:24 -0000] "GET /js/jquery-1.4.2.min.js HTTP/1.1" 200 72174
0:0:0:0:0:FFFF:7F00:1 - - [18/Nov/2010:21:12:24 -0000] "GET /js/jobs.js HTTP/1.1" 200 396
0:0:0:0:0:FFFF:7F00:1 - - [18/Nov/2010:21:12:24 -0000] "GET /js/update.js HTTP/1.1" 200 3352
0:0:0:0:0:FFFF:7F00:1 - - [18/Nov/2010:21:12:24 -0000] "GET /js/nodes.js HTTP/1.1" 200 501
0:0:0:0:0:FFFF:7F00:1 - - [18/Nov/2010:21:12:24 -0000] "GET /js/jquery-ui-1.8.6.custom.min.js HTTP/1.1" 200 205136
0:0:0:0:0:FFFF:7F00:1 - - [18/Nov/2010:21:12:24 -0000] "GET /js/jobs.js HTTP/1.1" 200 396
0:0:0:0:0:FFFF:7F00:1 - - [18/Nov/2010:21:12:24 -0000] "GET /js/nodes.js HTTP/1.1" 200 501
0:0:0:0:0:FFFF:7F00:1 - - [18/Nov/2010:21:12:24 -0000] "GET /js/update.js HTTP/1.1" 200 3352
0:0:0:0:0:FFFF:7F00:1 - - [18/Nov/2010:21:12:24 -0000] "GET /img/logo.png HTTP/1.1" 200 12716
0:0:0:0:0:FFFF:7F00:1 - - [18/Nov/2010:21:12:24 -0000] "GET /favicon.ico HTTP/1.1" 404 0
0:0:0:0:0:FFFF:7F00:1 - - [18/Nov/2010:21:13:13 -0000] "GET /index.html HTTP/1.1" 200 1542
0:0:0:0:0:FFFF:7F00:1 - - [18/Nov/2010:21:13:13 -0000] "GET /css/style.css HTTP/1.1" 200 1279
0:0:0:0:0:FFFF:7F00:1 - - [18/Nov/2010:21:13:13 -0000] "GET /css/ui-lightness/jquery-ui-1.8.6.custom.css HTTP/1.1" 200 34072
0:0:0:0:0:FFFF:7F00:1 - - [18/Nov/2010:21:13:13 -0000] "GET /js/jquery-1.4.2.min.js HTTP/1.1" 200 72174
0:0:0:0:0:FFFF:7F00:1 - - [18/Nov/2010:21:13:13 -0000] "GET /js/jquery-ui-1.8.6.custom.min.js HTTP/1.1" 200 205136
0:0:0:0:0:FFFF:7F00:1 - - [18/Nov/2010:21:13:13 -0000] "GET /js/jobs.js HTTP/1.1" 200 396
0:0:0:0:0:FFFF:7F00:1 - - [18/Nov/2010:21:13:13 -0000] "GET /js/nodes.js HTTP/1.1" 200 501
0:0:0:0:0:FFFF:7F00:1 - - [18/Nov/2010:21:13:13 -0000] "GET /js/update.js HTTP/1.1" 200 3353
0:0:0:0:0:FFFF:7F00:1 - - [18/Nov/2010:21:13:13 -0000] "GET /js/jquery-ui-1.8.6.custom.min.js HTTP/1.1" 200 205136
0:0:0:0:0:FFFF:7F00:1 - - [18/Nov/2010:21:13:13 -0000] "GET /js/jobs.js HTTP/1.1" 200 396
0:0:0:0:0:FFFF:7F00:1 - - [18/Nov/2010:21:13:13 -0000] "GET /js/nodes.js HTTP/1.1" 200 501
0:0:0:0:0:FFFF:7F00:1 - - [18/Nov/2010:21:13:13 -0000] "GET /js/update.js HTTP/1.1" 200 3353
0:0:0:0:0:FFFF:7F00:1 - - [18/Nov/2010:21:13:13 -0000] "GET /img/logo.png HTTP/1.1" 200 12716
0:0:0:0:0:FFFF:7F00:1 - - [18/Nov/2010:21:13:13 -0000] "GET /favicon.ico HTTP/1.1" 404 0
0:0:0:0:0:FFFF:7F00:1 - - [18/Nov/2010:21:13:24 -0000] "GET /index.html HTTP/1.1" 200 1542
0:0:0:0:0:FFFF:7F00:1 - - [18/Nov/2010:21:14:12 -0000] "GET /index.html HTTP/1.1" 200 1542
0:0:0:0:0:FFFF:7F00:1 - - [18/Nov/2010:21:14:12 -0000] "GET /css/style.css HTTP/1.1" 200 1279
0:0:0:0:0:FFFF:7F00:1 - - [18/Nov/2010:21:14:12 -0000] "GET /js/jquery-1.4.2.min.js HTTP/1.1" 200 72174
0:0:0:0:0:FFFF:7F00:1 - - [18/Nov/2010:21:14:12 -0000] "GET /css/ui-lightness/jquery-ui-1.8.6.custom.css HTTP/1.1" 200 34072
0:0:0:0:0:FFFF:7F00:1 - - [18/Nov/2010:21:14:12 -0000] "GET /js/jquery-ui-1.8.6.custom.min.js HTTP/1.1" 200 205136
0:0:0:0:0:FFFF:7F00:1 - - [18/Nov/2010:21:14:12 -0000] "GET /js/nodes.js HTTP/1.1" 200 501
0:0:0:0:0:FFFF:7F00:1 - - [18/Nov/2010:21:14:12 -0000] "GET /js/update.js HTTP/1.1" 200 3353
0:0:0:0:0:FFFF:7F00:1 - - [18/Nov/2010:21:14:12 -0000] "GET /js/jobs.js HTTP/1.1" 200 396
0:0:0:0:0:FFFF:7F00:1 - - [18/Nov/2010:21:14:12 -0000] "GET /js/jquery-ui-1.8.6.custom.min.js HTTP/1.1" 200 205136
0:0:0:0:0:FFFF:7F00:1 - - [18/Nov/2010:21:14:12 -0000] "GET /js/jobs.js HTTP/1.1" 200 396
0:0:0:0:0:FFFF:7F00:1 - - [18/Nov/2010:21:14:12 -0000] "GET /js/nodes.js HTTP/1.1" 200 501
0:0:0:0:0:FFFF:7F00:1 - - [18/Nov/2010:21:14:12 -0000] "GET /js/update.js HTTP/1.1" 200 3353
0:0:0:0:0:FFFF:7F00:1 - - [18/Nov/2010:21:14:12 -0000] "GET /img/logo.png HTTP/1.1" 200 12716
0:0:0:0:0:FFFF:7F00:1 - - [18/Nov/2010:21:14:12 -0000] "GET /favicon.ico HTTP/1.1" 404 0
0:0:0:0:0:FFFF:7F00:1 - - [18/Nov/2010:21:15:32 -0000] "GET /css/ui-lightness/images/ui-icons_222222_256x240.png HTTP/1.1" 200 4369
0:0:0:0:0:FFFF:7F00:1 - - [18/Nov/2010:21:15:32 -0000] "GET /css/ui-lightness/images/ui-bg_glass_100_f6f6f6_1x400.png HTTP/1.1" 200 104
0:0:0:0:0:FFFF:7F00:1 - - [18/Nov/2010:21:15:32 -0000] "GET /css/ui-lightness/images/ui-bg_diagonals-thick_20_666666_40x40.png HTTP/1.1" 200 251
0:0:0:0:0:FFFF:7F00:1 - - [18/Nov/2010:21:15:32 -0000] "GET /css/ui-lightness/images/ui-bg_glass_100_fdf5ce_1x400.png HTTP/1.1" 200 125
0:0:0:0:0:FFFF:7F00:1 - - [18/Nov/2010:21:15:32 -0000] "GET /css/ui-lightness/images/ui-icons_ffffff_256x240.png HTTP/1.1" 200 4369
0:0:0:0:0:FFFF:7F00:1 - - [18/Nov/2010:21:15:33 -0000] "GET /css/ui-lightness/images/ui-bg_glass_65_ffffff_1x400.png HTTP/1.1" 200 105
0:0:0:0:0:FFFF:7F00:1 - - [18/Nov/2010:21:15:58 -0000] "GET /index.html HTTP/1.1" 200 1542
0:0:0:0:0:FFFF:7F00:1 - - [18/Nov/2010:21:15:58 -0000] "GET /css/style.css HTTP/1.1" 200 1279
0:0:0:0:0:FFFF:7F00:1 - - [18/Nov/2010:21:15:58 -0000] "GET /js/nodes.js HTTP/1.1" 200 501
0:0:0:0:0:FFFF:7F00:1 - - [18/Nov/2010:21:15:58 -0000] "GET /js/jobs.js HTTP/1.1" 200 396
0:0:0:0:0:FFFF:7F00:1 - - [18/Nov/2010:21:15:58 -0000] "GET /js/jquery-ui-1.8.6.custom.min.js HTTP/1.1" 200 205136
0:0:0:0:0:FFFF:7F00:1 - - [18/Nov/2010:21:15:58 -0000] "GET /js/jquery-1.4.2.min.js HTTP/1.1" 200 72174
0:0:0:0:0:FFFF:7F00:1 - - [18/Nov/2010:21:15:58 -0000] "GET /css/ui-lightness/jquery-ui-1.8.6.custom.css HTTP/1.1" 200 34072
0:0:0:0:0:FFFF:7F00:1 - - [18/Nov/2010:21:15:58 -0000] "GET /js/update.js HTTP/1.1" 200 3353
0:0:0:0:0:FFFF:7F00:1 - - [18/Nov/2010:21:15:58 -0000] "GET /js/jquery-ui-1.8.6.custom.min.js HTTP/1.1" 200 205136
0:0:0:0:0:FFFF:7F00:1 - - [18/Nov/2010:21:15:58 -0000] "GET /js/jobs.js HTTP/1.1" 200 396
0:0:0:0:0:FFFF:7F00:1 - - [18/Nov/2010:21:15:58 -0000] "GET /js/nodes.js HTTP/1.1" 200 501
0:0:0:0:0:FFFF:7F00:1 - - [18/Nov/2010:21:15:58 -0000] "GET /js/update.js HTTP/1.1" 200 3353
0:0:0:0:0:FFFF:7F00:1 - - [18/Nov/2010:21:15:58 -0000] "GET /img/logo.png HTTP/1.1" 200 12716
0:0:0:0:0:FFFF:7F00:1 - - [18/Nov/2010:21:15:58 -0000] "GET /css/ui-lightness/images/ui-bg_highlight-soft_100_eeeeee_1x100.png HTTP/1.1" 200 90
0:0:0:0:0:FFFF:7F00:1 - - [18/Nov/2010:21:15:58 -0000] "GET /css/ui-lightness/images/ui-bg_gloss-wave_35_f6a828_500x100.png HTTP/1.1" 200 3762
0:0:0:0:0:FFFF:7F00:1 - - [18/Nov/2010:21:15:58 -0000] "GET /favicon.ico HTTP/1.1" 404 0
0:0:0:0:0:FFFF:7F00:1 - - [18/Nov/2010:21:18:12 -0000] "GET /css/ui-lightness/images/ui-icons_ef8c08_256x240.png HTTP/1.1" 200 4369
0:0:0:0:0:FFFF:7F00:1 - - [18/Nov/2010:21:22:17 -0000] "GET /index.html HTTP/1.1" 200 1542
0:0:0:0:0:FFFF:7F00:1 - - [18/Nov/2010:21:22:17 -0000] "GET /css/style.css HTTP/1.1" 200 1321
0:0:0:0:0:FFFF:7F00:1 - - [18/Nov/2010:21:22:17 -0000] "GET /css/ui-lightness/jquery-ui-1.8.6.custom.css HTTP/1.1" 200 34072
0:0:0:0:0:FFFF:7F00:1 - - [18/Nov/2010:21:22:17 -0000] "GET /js/jquery-1.4.2.min.js HTTP/1.1" 200 72174
0:0:0:0:0:FFFF:7F00:1 - - [18/Nov/2010:21:22:17 -0000] "GET /js/jobs.js HTTP/1.1" 200 396
0:0:0:0:0:FFFF:7F00:1 - - [18/Nov/2010:21:22:17 -0000] "GET /js/nodes.js HTTP/1.1" 200 501
0:0:0:0:0:FFFF:7F00:1 - - [18/Nov/2010:21:22:17 -0000] "GET /js/update.js HTTP/1.1" 200 3404
0:0:0:0:0:FFFF:7F00:1 - - [18/Nov/2010:21:22:17 -0000] "GET /js/jquery-ui-1.8.6.custom.min.js HTTP/1.1" 200 205136
0:0:0:0:0:FFFF:7F00:1 - - [18/Nov/2010:21:22:17 -0000] "GET /img/logo.png HTTP/1.1" 200 12716
0:0:0:0:0:FFFF:7F00:1 - - [18/Nov/2010:21:22:17 -0000] "GET /css/ui-lightness/images/ui-bg_highlight-soft_100_eeeeee_1x100.png HTTP/1.1" 200 90
0:0:0:0:0:FFFF:7F00:1 - - [18/Nov/2010:21:22:17 -0000] "GET /css/ui-lightness/images/ui-bg_gloss-wave_35_f6a828_500x100.png HTTP/1.1" 200 3762
0:0:0:0:0:FFFF:7F00:1 - - [18/Nov/2010:21:22:17 -0000] "GET /favicon.ico HTTP/1.1" 404 0
0:0:0:0:0:FFFF:7F00:1 - - [18/Nov/2010:21:22:50 -0000] "GET /index.html HTTP/1.1" 200 1542
0:0:0:0:0:FFFF:7F00:1 - - [18/Nov/2010:21:22:50 -0000] "GET /css/style.css HTTP/1.1" 200 1364
0:0:0:0:0:FFFF:7F00:1 - - [18/Nov/2010:21:22:50 -0000] "GET /css/ui-lightness/jquery-ui-1.8.6.custom.css HTTP/1.1" 200 34072
0:0:0:0:0:FFFF:7F00:1 - - [18/Nov/2010:21:22:50 -0000] "GET /js/jquery-ui-1.8.6.custom.min.js HTTP/1.1" 200 205136
0:0:0:0:0:FFFF:7F00:1 - - [18/Nov/2010:21:22:50 -0000] "GET /js/jobs.js HTTP/1.1" 200 396
0:0:0:0:0:FFFF:7F00:1 - - [18/Nov/2010:21:22:50 -0000] "GET /js/update.js HTTP/1.1" 200 3404
0:0:0:0:0:FFFF:7F00:1 - - [18/Nov/2010:21:22:50 -0000] "GET /js/nodes.js HTTP/1.1" 200 501
0:0:0:0:0:FFFF:7F00:1 - - [18/Nov/2010:21:22:50 -0000] "GET /js/jquery-1.4.2.min.js HTTP/1.1" 200 72174
0:0:0:0:0:FFFF:7F00:1 - - [18/Nov/2010:21:22:50 -0000] "GET /js/jquery-ui-1.8.6.custom.min.js HTTP/1.1" 200 205136
0:0:0:0:0:FFFF:7F00:1 - - [18/Nov/2010:21:22:50 -0000] "GET /img/logo.png HTTP/1.1" 200 12716
0:0:0:0:0:FFFF:7F00:1 - - [18/Nov/2010:21:22:50 -0000] "GET /favicon.ico HTTP/1.1" 404 0
0:0:0:0:0:FFFF:7F00:1 - - [18/Nov/2010:21:22:58 -0000] "GET /index.html HTTP/1.1" 200 1542
0:0:0:0:0:FFFF:7F00:1 - - [18/Nov/2010:21:22:59 -0000] "GET /index.html HTTP/1.1" 200 1542
0:0:0:0:0:FFFF:7F00:1 - - [18/Nov/2010:21:23:00 -0000] "GET /index.html HTTP/1.1" 200 1542
0:0:0:0:0:FFFF:7F00:1 - - [18/Nov/2010:21:23:01 -0000] "GET /css/ui-lightness/images/ui-icons_222222_256x240.png HTTP/1.1" 200 4369
0:0:0:0:0:FFFF:7F00:1 - - [18/Nov/2010:21:23:01 -0000] "GET /css/ui-lightness/images/ui-bg_diagonals-thick_20_666666_40x40.png HTTP/1.1" 200 251
0:0:0:0:0:FFFF:7F00:1 - - [18/Nov/2010:21:23:01 -0000] "GET /css/ui-lightness/images/ui-bg_glass_100_fdf5ce_1x400.png HTTP/1.1" 200 125
0:0:0:0:0:FFFF:7F00:1 - - [18/Nov/2010:21:23:01 -0000] "GET /css/ui-lightness/images/ui-bg_glass_100_f6f6f6_1x400.png HTTP/1.1" 200 104
0:0:0:0:0:FFFF:7F00:1 - - [18/Nov/2010:21:23:01 -0000] "GET /css/ui-lightness/images/ui-icons_ffffff_256x240.png HTTP/1.1" 200 4369
0:0:0:0:0:FFFF:7F00:1 - - [18/Nov/2010:21:23:02 -0000] "GET /css/ui-lightness/images/ui-bg_glass_65_ffffff_1x400.png HTTP/1.1" 200 105
0:0:0:0:0:FFFF:7F00:1 - - [18/Nov/2010:21:23:46 -0000] "GET /index.html HTTP/1.1" 200 1572
0:0:0:0:0:FFFF:7F00:1 - - [18/Nov/2010:21:23:46 -0000] "GET /css/style.css HTTP/1.1" 200 1364
0:0:0:0:0:FFFF:7F00:1 - - [18/Nov/2010:21:23:46 -0000] "GET /css/ui-lightness/jquery-ui-1.8.6.custom.css HTTP/1.1" 200 34072
0:0:0:0:0:FFFF:7F00:1 - - [18/Nov/2010:21:23:46 -0000] "GET /js/jquery-1.4.2.min.js HTTP/1.1" 200 72174
0:0:0:0:0:FFFF:7F00:1 - - [18/Nov/2010:21:23:46 -0000] "GET /js/jquery-ui-1.8.6.custom.min.js HTTP/1.1" 200 205136
0:0:0:0:0:FFFF:7F00:1 - - [18/Nov/2010:21:23:46 -0000] "GET /js/jobs.js HTTP/1.1" 200 396
0:0:0:0:0:FFFF:7F00:1 - - [18/Nov/2010:21:23:46 -0000] "GET /js/update.js HTTP/1.1" 200 3404
0:0:0:0:0:FFFF:7F00:1 - - [18/Nov/2010:21:23:46 -0000] "GET /js/nodes.js HTTP/1.1" 200 501
0:0:0:0:0:FFFF:7F00:1 - - [18/Nov/2010:21:23:46 -0000] "GET /js/jobs.js HTTP/1.1" 200 396
0:0:0:0:0:FFFF:7F00:1 - - [18/Nov/2010:21:23:46 -0000] "GET /js/nodes.js HTTP/1.1" 200 501
0:0:0:0:0:FFFF:7F00:1 - - [18/Nov/2010:21:23:46 -0000] "GET /js/update.js HTTP/1.1" 200 3404
0:0:0:0:0:FFFF:7F00:1 - - [18/Nov/2010:21:23:46 -0000] "GET /img/logo.png HTTP/1.1" 200 12716
0:0:0:0:0:FFFF:7F00:1 - - [18/Nov/2010:21:23:46 -0000] "GET /favicon.ico HTTP/1.1" 404 0
0:0:0:0:0:FFFF:7F00:1 - - [18/Nov/2010:21:24:31 -0000] "GET /index.html HTTP/1.1" 200 1572
0:0:0:0:0:FFFF:7F00:1 - - [18/Nov/2010:21:24:31 -0000] "GET /css/style.css HTTP/1.1" 200 1364
0:0:0:0:0:FFFF:7F00:1 - - [18/Nov/2010:21:24:31 -0000] "GET /css/ui-lightness/jquery-ui-1.8.6.custom.css HTTP/1.1" 200 34072
0:0:0:0:0:FFFF:7F00:1 - - [18/Nov/2010:21:24:31 -0000] "GET /js/jquery-1.4.2.min.js HTTP/1.1" 200 72174
0:0:0:0:0:FFFF:7F00:1 - - [18/Nov/2010:21:24:31 -0000] "GET /js/jquery-ui-1.8.6.custom.min.js HTTP/1.1" 200 205136
0:0:0:0:0:FFFF:7F00:1 - - [18/Nov/2010:21:24:31 -0000] "GET /js/jobs.js HTTP/1.1" 200 396
0:0:0:0:0:FFFF:7F00:1 - - [18/Nov/2010:21:24:31 -0000] "GET /js/nodes.js HTTP/1.1" 200 501
0:0:0:0:0:FFFF:7F00:1 - - [18/Nov/2010:21:24:31 -0000] "GET /js/update.js HTTP/1.1" 200 3404
0:0:0:0:0:FFFF:7F00:1 - - [18/Nov/2010:21:24:31 -0000] "GET /js/jquery-ui-1.8.6.custom.min.js HTTP/1.1" 200 205136
0:0:0:0:0:FFFF:7F00:1 - - [18/Nov/2010:21:24:31 -0000] "GET /img/logo.png HTTP/1.1" 200 12716
0:0:0:0:0:FFFF:7F00:1 - - [18/Nov/2010:21:24:31 -0000] "GET /favicon.ico HTTP/1.1" 404 0
0:0:0:0:0:FFFF:7F00:1 - - [18/Nov/2010:21:24:44 -0000] "GET /index.html HTTP/1.1" 200 1572
0:0:0:0:0:FFFF:7F00:1 - - [18/Nov/2010:21:25:24 -0000] "GET /index.html HTTP/1.1" 200 1572
0:0:0:0:0:FFFF:7F00:1 - - [18/Nov/2010:21:25:24 -0000] "GET /css/style.css HTTP/1.1" 200 1380
0:0:0:0:0:FFFF:7F00:1 - - [18/Nov/2010:21:25:24 -0000] "GET /css/ui-lightness/jquery-ui-1.8.6.custom.css HTTP/1.1" 200 34072
0:0:0:0:0:FFFF:7F00:1 - - [18/Nov/2010:21:25:24 -0000] "GET /js/jquery-1.4.2.min.js HTTP/1.1" 200 72174
0:0:0:0:0:FFFF:7F00:1 - - [18/Nov/2010:21:25:24 -0000] "GET /js/jquery-ui-1.8.6.custom.min.js HTTP/1.1" 200 205136
0:0:0:0:0:FFFF:7F00:1 - - [18/Nov/2010:21:25:24 -0000] "GET /js/jobs.js HTTP/1.1" 200 396
0:0:0:0:0:FFFF:7F00:1 - - [18/Nov/2010:21:25:24 -0000] "GET /js/nodes.js HTTP/1.1" 200 501
0:0:0:0:0:FFFF:7F00:1 - - [18/Nov/2010:21:25:24 -0000] "GET /js/update.js HTTP/1.1" 200 3404
0:0:0:0:0:FFFF:7F00:1 - - [18/Nov/2010:21:25:24 -0000] "GET /js/jobs.js HTTP/1.1" 200 396
0:0:0:0:0:FFFF:7F00:1 - - [18/Nov/2010:21:25:24 -0000] "GET /js/nodes.js HTTP/1.1" 200 501
0:0:0:0:0:FFFF:7F00:1 - - [18/Nov/2010:21:25:24 -0000] "GET /js/update.js HTTP/1.1" 200 3404
0:0:0:0:0:FFFF:7F00:1 - - [18/Nov/2010:21:25:24 -0000] "GET /img/logo.png HTTP/1.1" 200 12716
0:0:0:0:0:FFFF:7F00:1 - - [18/Nov/2010:21:25:24 -0000] "GET /favicon.ico HTTP/1.1" 404 0
0:0:0:0:0:FFFF:7F00:1 - - [18/Nov/2010:21:25:36 -0000] "GET /index.html HTTP/1.1" 200 1572
0:0:0:0:0:FFFF:7F00:1 - - [18/Nov/2010:21:25:36 -0000] "GET /css/style.css HTTP/1.1" 200 1380
0:0:0:0:0:FFFF:7F00:1 - - [18/Nov/2010:21:25:36 -0000] "GET /css/ui-lightness/jquery-ui-1.8.6.custom.css HTTP/1.1" 200 34072
0:0:0:0:0:FFFF:7F00:1 - - [18/Nov/2010:21:25:36 -0000] "GET /js/jquery-ui-1.8.6.custom.min.js HTTP/1.1" 200 205136
0:0:0:0:0:FFFF:7F00:1 - - [18/Nov/2010:21:25:36 -0000] "GET /js/jobs.js HTTP/1.1" 200 396
0:0:0:0:0:FFFF:7F00:1 - - [18/Nov/2010:21:25:36 -0000] "GET /js/jquery-1.4.2.min.js HTTP/1.1" 200 72174
0:0:0:0:0:FFFF:7F00:1 - - [18/Nov/2010:21:25:36 -0000] "GET /js/update.js HTTP/1.1" 200 3404
0:0:0:0:0:FFFF:7F00:1 - - [18/Nov/2010:21:25:36 -0000] "GET /js/nodes.js HTTP/1.1" 200 501
0:0:0:0:0:FFFF:7F00:1 - - [18/Nov/2010:21:25:37 -0000] "GET /js/jquery-ui-1.8.6.custom.min.js HTTP/1.1" 200 205136
0:0:0:0:0:FFFF:7F00:1 - - [18/Nov/2010:21:25:37 -0000] "GET /img/logo.png HTTP/1.1" 200 12716
0:0:0:0:0:FFFF:7F00:1 - - [18/Nov/2010:21:25:37 -0000] "GET /favicon.ico HTTP/1.1" 404 0
0:0:0:0:0:FFFF:7F00:1 - - [18/Nov/2010:21:25:53 -0000] "GET /css/ui-lightness/images/ui-icons_222222_256x240.png HTTP/1.1" 200 4369
0:0:0:0:0:FFFF:7F00:1 - - [18/Nov/2010:21:25:53 -0000] "GET /css/ui-lightness/images/ui-bg_diagonals-thick_20_666666_40x40.png HTTP/1.1" 200 251
0:0:0:0:0:FFFF:7F00:1 - - [18/Nov/2010:21:25:53 -0000] "GET /css/ui-lightness/images/ui-bg_glass_100_f6f6f6_1x400.png HTTP/1.1" 200 104
0:0:0:0:0:FFFF:7F00:1 - - [18/Nov/2010:21:25:53 -0000] "GET /css/ui-lightness/images/ui-bg_glass_100_fdf5ce_1x400.png HTTP/1.1" 200 125
0:0:0:0:0:FFFF:7F00:1 - - [18/Nov/2010:21:25:53 -0000] "GET /css/ui-lightness/images/ui-icons_ffffff_256x240.png HTTP/1.1" 200 4369
0:0:0:0:0:FFFF:7F00:1 - - [18/Nov/2010:21:25:54 -0000] "GET /css/ui-lightness/images/ui-bg_glass_65_ffffff_1x400.png HTTP/1.1" 200 105
0:0:0:0:0:FFFF:7F00:1 - - [18/Nov/2010:21:26:05 -0000] "GET /css/ui-lightness/images/ui-icons_ef8c08_256x240.png HTTP/1.1" 200 4369
0:0:0:0:0:FFFF:7F00:1 - - [18/Nov/2010:21:27:19 -0000] "GET /index.html HTTP/1.1" 200 1570
0:0:0:0:0:FFFF:7F00:1 - - [18/Nov/2010:21:27:19 -0000] "GET /css/style.css HTTP/1.1" 200 1380
0:0:0:0:0:FFFF:7F00:1 - - [18/Nov/2010:21:27:19 -0000] "GET /js/jquery-1.4.2.min.js HTTP/1.1" 200 72174
0:0:0:0:0:FFFF:7F00:1 - - [18/Nov/2010:21:27:19 -0000] "GET /js/jquery-ui-1.8.6.custom.min.js HTTP/1.1" 200 205136
0:0:0:0:0:FFFF:7F00:1 - - [18/Nov/2010:21:27:19 -0000] "GET /js/update.js HTTP/1.1" 200 3404
0:0:0:0:0:FFFF:7F00:1 - - [18/Nov/2010:21:27:19 -0000] "GET /css/ui-lightness/jquery-ui-1.8.6.custom.css HTTP/1.1" 200 34072
0:0:0:0:0:FFFF:7F00:1 - - [18/Nov/2010:21:27:19 -0000] "GET /js/jobs.js HTTP/1.1" 200 396
0:0:0:0:0:FFFF:7F00:1 - - [18/Nov/2010:21:27:19 -0000] "GET /js/nodes.js HTTP/1.1" 200 501
0:0:0:0:0:FFFF:7F00:1 - - [18/Nov/2010:21:27:19 -0000] "GET /js/jobs.js HTTP/1.1" 200 396
0:0:0:0:0:FFFF:7F00:1 - - [18/Nov/2010:21:27:20 -0000] "GET /js/nodes.js HTTP/1.1" 200 501
0:0:0:0:0:FFFF:7F00:1 - - [18/Nov/2010:21:27:20 -0000] "GET /js/update.js HTTP/1.1" 200 3404
0:0:0:0:0:FFFF:7F00:1 - - [18/Nov/2010:21:27:20 -0000] "GET /img/logo.png HTTP/1.1" 200 12716
0:0:0:0:0:FFFF:7F00:1 - - [18/Nov/2010:21:27:20 -0000] "GET /css/ui-lightness/images/ui-bg_highlight-soft_100_eeeeee_1x100.png HTTP/1.1" 200 90
0:0:0:0:0:FFFF:7F00:1 - - [18/Nov/2010:21:27:20 -0000] "GET /css/ui-lightness/images/ui-bg_gloss-wave_35_f6a828_500x100.png HTTP/1.1" 200 3762
0:0:0:0:0:FFFF:7F00:1 - - [18/Nov/2010:21:27:20 -0000] "GET /favicon.ico HTTP/1.1" 404 0
0:0:0:0:0:FFFF:7F00:1 - - [18/Nov/2010:21:27:41 -0000] "GET /index.html HTTP/1.1" 200 1569
0:0:0:0:0:FFFF:7F00:1 - - [18/Nov/2010:21:27:41 -0000] "GET /css/style.css HTTP/1.1" 200 1380
0:0:0:0:0:FFFF:7F00:1 - - [18/Nov/2010:21:27:41 -0000] "GET /css/ui-lightness/jquery-ui-1.8.6.custom.css HTTP/1.1" 200 34072
0:0:0:0:0:FFFF:7F00:1 - - [18/Nov/2010:21:27:41 -0000] "GET /js/jobs.js HTTP/1.1" 200 396
0:0:0:0:0:FFFF:7F00:1 - - [18/Nov/2010:21:27:41 -0000] "GET /js/jquery-1.4.2.min.js HTTP/1.1" 200 72174
0:0:0:0:0:FFFF:7F00:1 - - [18/Nov/2010:21:27:41 -0000] "GET /js/jquery-ui-1.8.6.custom.min.js HTTP/1.1" 200 205136
0:0:0:0:0:FFFF:7F00:1 - - [18/Nov/2010:21:27:41 -0000] "GET /js/nodes.js HTTP/1.1" 200 501
0:0:0:0:0:FFFF:7F00:1 - - [18/Nov/2010:21:27:41 -0000] "GET /js/update.js HTTP/1.1" 200 3404
0:0:0:0:0:FFFF:7F00:1 - - [18/Nov/2010:21:27:41 -0000] "GET /img/logo.png HTTP/1.1" 200 12716
0:0:0:0:0:FFFF:7F00:1 - - [18/Nov/2010:21:27:41 -0000] "GET /favicon.ico HTTP/1.1" 404 0
